info: UserController init {"timestamp":"2023-02-15T03:04:41.440Z"}
info: UserController {/user}: {"context":"RoutesResolver","timestamp":"2023-02-15T03:04:41.446Z"}
info: Mapped {/user, GET} route {"context":"RouterExplorer","timestamp":"2023-02-15T03:04:41.449Z"}
info: Mapped {/user, POST} route {"context":"RouterExplorer","timestamp":"2023-02-15T03:04:41.449Z"}
info: Mapped {/user/profile, GET} route {"context":"RouterExplorer","timestamp":"2023-02-15T03:04:41.450Z"}
info: Mapped {/user/:id, PATCH} route {"context":"RouterExplorer","timestamp":"2023-02-15T03:04:41.451Z"}
info: Mapped {/user/:id, DELETE} route {"context":"RouterExplorer","timestamp":"2023-02-15T03:04:41.451Z"}
info: Mapped {/user/range, GET} route {"context":"RouterExplorer","timestamp":"2023-02-15T03:04:41.452Z"}
info: Mapped {/user/logs, GET} route {"context":"RouterExplorer","timestamp":"2023-02-15T03:04:41.453Z"}
info: Mapped {/user/logsbygroup, GET} route {"context":"RouterExplorer","timestamp":"2023-02-15T03:04:41.454Z"}
info: Mapped {/user/:id, GET} route {"context":"RouterExplorer","timestamp":"2023-02-15T03:04:41.455Z"}
info: Nest application successfully started {"context":"NestApplication","timestamp":"2023-02-15T03:04:41.457Z"}
info: UserController init {"timestamp":"2023-02-15T03:05:06.888Z"}
info: UserController {/user}: {"context":"RoutesResolver","timestamp":"2023-02-15T03:05:06.896Z"}
info: Mapped {/user, GET} route {"context":"RouterExplorer","timestamp":"2023-02-15T03:05:06.898Z"}
info: Mapped {/user, POST} route {"context":"RouterExplorer","timestamp":"2023-02-15T03:05:06.899Z"}
info: Mapped {/user/profile, GET} route {"context":"RouterExplorer","timestamp":"2023-02-15T03:05:06.900Z"}
info: Mapped {/user/:id, PATCH} route {"context":"RouterExplorer","timestamp":"2023-02-15T03:05:06.901Z"}
info: Mapped {/user/:id, DELETE} route {"context":"RouterExplorer","timestamp":"2023-02-15T03:05:06.901Z"}
info: Mapped {/user/range, GET} route {"context":"RouterExplorer","timestamp":"2023-02-15T03:05:06.902Z"}
info: Mapped {/user/logs, GET} route {"context":"RouterExplorer","timestamp":"2023-02-15T03:05:06.902Z"}
info: Mapped {/user/logsbygroup, GET} route {"context":"RouterExplorer","timestamp":"2023-02-15T03:05:06.903Z"}
info: Mapped {/user/:id, GET} route {"context":"RouterExplorer","timestamp":"2023-02-15T03:05:06.903Z"}
info: Nest application successfully started {"context":"NestApplication","timestamp":"2023-02-15T03:05:06.906Z"}
info: UserController init {"timestamp":"2023-02-15T03:09:46.946Z"}
info: UserController {/user}: {"context":"RoutesResolver","timestamp":"2023-02-15T03:09:46.959Z"}
info: Mapped {/user, GET} route {"context":"RouterExplorer","timestamp":"2023-02-15T03:09:46.963Z"}
info: Mapped {/user, POST} route {"context":"RouterExplorer","timestamp":"2023-02-15T03:09:46.964Z"}
info: Mapped {/user/profile, GET} route {"context":"RouterExplorer","timestamp":"2023-02-15T03:09:46.968Z"}
info: Mapped {/user/:id, PATCH} route {"context":"RouterExplorer","timestamp":"2023-02-15T03:09:46.969Z"}
info: Mapped {/user/:id, DELETE} route {"context":"RouterExplorer","timestamp":"2023-02-15T03:09:46.971Z"}
info: Mapped {/user/range, GET} route {"context":"RouterExplorer","timestamp":"2023-02-15T03:09:46.971Z"}
info: Mapped {/user/logs, GET} route {"context":"RouterExplorer","timestamp":"2023-02-15T03:09:46.972Z"}
info: Mapped {/user/logsbygroup, GET} route {"context":"RouterExplorer","timestamp":"2023-02-15T03:09:46.974Z"}
info: Mapped {/user/:id, GET} route {"context":"RouterExplorer","timestamp":"2023-02-15T03:09:46.975Z"}
info: Nest application successfully started {"context":"NestApplication","timestamp":"2023-02-15T03:09:46.977Z"}
info: UserController init {"timestamp":"2023-02-15T03:10:48.914Z"}
info: UserController {/user}: {"context":"RoutesResolver","timestamp":"2023-02-15T03:10:48.922Z"}
info: Mapped {/user, GET} route {"context":"RouterExplorer","timestamp":"2023-02-15T03:10:48.925Z"}
info: Mapped {/user, POST} route {"context":"RouterExplorer","timestamp":"2023-02-15T03:10:48.927Z"}
info: Mapped {/user/profile, GET} route {"context":"RouterExplorer","timestamp":"2023-02-15T03:10:48.928Z"}
info: Mapped {/user/:id, PATCH} route {"context":"RouterExplorer","timestamp":"2023-02-15T03:10:48.929Z"}
info: Mapped {/user/:id, DELETE} route {"context":"RouterExplorer","timestamp":"2023-02-15T03:10:48.930Z"}
info: Mapped {/user/range, GET} route {"context":"RouterExplorer","timestamp":"2023-02-15T03:10:48.930Z"}
info: Mapped {/user/logs, GET} route {"context":"RouterExplorer","timestamp":"2023-02-15T03:10:48.931Z"}
info: Mapped {/user/logsbygroup, GET} route {"context":"RouterExplorer","timestamp":"2023-02-15T03:10:48.931Z"}
info: Mapped {/user/:id, GET} route {"context":"RouterExplorer","timestamp":"2023-02-15T03:10:48.933Z"}
info: Nest application successfully started {"context":"NestApplication","timestamp":"2023-02-15T03:10:48.936Z"}
info: UserController init {"timestamp":"2023-02-15T03:11:03.439Z"}
info: UserController {/user}: {"context":"RoutesResolver","timestamp":"2023-02-15T03:11:03.460Z"}
info: Mapped {/user, GET} route {"context":"RouterExplorer","timestamp":"2023-02-15T03:11:03.470Z"}
info: Mapped {/user, POST} route {"context":"RouterExplorer","timestamp":"2023-02-15T03:11:03.473Z"}
info: Mapped {/user/profile, GET} route {"context":"RouterExplorer","timestamp":"2023-02-15T03:11:03.476Z"}
info: Mapped {/user/:id, PATCH} route {"context":"RouterExplorer","timestamp":"2023-02-15T03:11:03.478Z"}
info: Mapped {/user/:id, DELETE} route {"context":"RouterExplorer","timestamp":"2023-02-15T03:11:03.478Z"}
info: Mapped {/user/range, GET} route {"context":"RouterExplorer","timestamp":"2023-02-15T03:11:03.479Z"}
info: Mapped {/user/logs, GET} route {"context":"RouterExplorer","timestamp":"2023-02-15T03:11:03.486Z"}
info: Mapped {/user/logsbygroup, GET} route {"context":"RouterExplorer","timestamp":"2023-02-15T03:11:03.487Z"}
info: Mapped {/user/:id, GET} route {"context":"RouterExplorer","timestamp":"2023-02-15T03:11:03.489Z"}
info: Nest application successfully started {"context":"NestApplication","timestamp":"2023-02-15T03:11:03.494Z"}
info: UserController init {"timestamp":"2023-02-15T03:12:19.676Z"}
info: UserController {/user}: {"context":"RoutesResolver","timestamp":"2023-02-15T03:12:19.682Z"}
info: Mapped {/user, GET} route {"context":"RouterExplorer","timestamp":"2023-02-15T03:12:19.685Z"}
info: Mapped {/user, POST} route {"context":"RouterExplorer","timestamp":"2023-02-15T03:12:19.685Z"}
info: Mapped {/user/profile, GET} route {"context":"RouterExplorer","timestamp":"2023-02-15T03:12:19.686Z"}
info: Mapped {/user/:id, PATCH} route {"context":"RouterExplorer","timestamp":"2023-02-15T03:12:19.686Z"}
info: Mapped {/user/:id, DELETE} route {"context":"RouterExplorer","timestamp":"2023-02-15T03:12:19.687Z"}
info: Mapped {/user/range, GET} route {"context":"RouterExplorer","timestamp":"2023-02-15T03:12:19.688Z"}
info: Mapped {/user/logs, GET} route {"context":"RouterExplorer","timestamp":"2023-02-15T03:12:19.688Z"}
info: Mapped {/user/logsbygroup, GET} route {"context":"RouterExplorer","timestamp":"2023-02-15T03:12:19.689Z"}
info: Mapped {/user/:id, GET} route {"context":"RouterExplorer","timestamp":"2023-02-15T03:12:19.690Z"}
info: Nest application successfully started {"context":"NestApplication","timestamp":"2023-02-15T03:12:19.692Z"}
info: UserController init {"timestamp":"2023-02-15T03:43:38.698Z"}
info: UserController {/user}: {"context":"RoutesResolver","timestamp":"2023-02-15T03:43:38.709Z"}
info: Mapped {/user, GET} route {"context":"RouterExplorer","timestamp":"2023-02-15T03:43:38.715Z"}
info: Mapped {/user, POST} route {"context":"RouterExplorer","timestamp":"2023-02-15T03:43:38.717Z"}
info: Mapped {/user/profile, GET} route {"context":"RouterExplorer","timestamp":"2023-02-15T03:43:38.718Z"}
info: Mapped {/user/:id, PATCH} route {"context":"RouterExplorer","timestamp":"2023-02-15T03:43:38.719Z"}
info: Mapped {/user/:id, DELETE} route {"context":"RouterExplorer","timestamp":"2023-02-15T03:43:38.722Z"}
info: Mapped {/user/range, GET} route {"context":"RouterExplorer","timestamp":"2023-02-15T03:43:38.722Z"}
info: Mapped {/user/logs, GET} route {"context":"RouterExplorer","timestamp":"2023-02-15T03:43:38.725Z"}
info: Mapped {/user/logsbygroup, GET} route {"context":"RouterExplorer","timestamp":"2023-02-15T03:43:38.727Z"}
info: Mapped {/user/:id, GET} route {"context":"RouterExplorer","timestamp":"2023-02-15T03:43:38.730Z"}
info: Nest application successfully started {"context":"NestApplication","timestamp":"2023-02-15T03:43:38.736Z"}
