info: UserController init {"timestamp":"2023-02-25T04:37:02.009Z"}
info: UserController {/user}: {"context":"RoutesResolver","timestamp":"2023-02-25T04:37:02.051Z"}
info: Mapped {/user, GET} route {"context":"RouterExplorer","timestamp":"2023-02-25T04:37:02.053Z"}
info: Mapped {/user, POST} route {"context":"RouterExplorer","timestamp":"2023-02-25T04:37:02.054Z"}
info: Mapped {/user/profile, GET} route {"context":"RouterExplorer","timestamp":"2023-02-25T04:37:02.055Z"}
info: Mapped {/user/:id, PATCH} route {"context":"RouterExplorer","timestamp":"2023-02-25T04:37:02.055Z"}
info: Mapped {/user/:id, DELETE} route {"context":"RouterExplorer","timestamp":"2023-02-25T04:37:02.056Z"}
info: Mapped {/user/range, GET} route {"context":"RouterExplorer","timestamp":"2023-02-25T04:37:02.056Z"}
info: Mapped {/user/logs, GET} route {"context":"RouterExplorer","timestamp":"2023-02-25T04:37:02.056Z"}
info: Mapped {/user/logsbygroup, GET} route {"context":"RouterExplorer","timestamp":"2023-02-25T04:37:02.057Z"}
info: Mapped {/user/:id, GET} route {"context":"RouterExplorer","timestamp":"2023-02-25T04:37:02.057Z"}
info: AuthController {/auth}: {"context":"RoutesResolver","timestamp":"2023-02-25T04:37:02.057Z"}
info: Mapped {/auth/signin, POST} route {"context":"RouterExplorer","timestamp":"2023-02-25T04:37:02.058Z"}
info: Mapped {/auth/signup, POST} route {"context":"RouterExplorer","timestamp":"2023-02-25T04:37:02.058Z"}
info: Nest application successfully started {"context":"NestApplication","timestamp":"2023-02-25T04:37:02.060Z"}
info: UserController init {"timestamp":"2023-02-25T04:37:38.618Z"}
info: UserController {/user}: {"context":"RoutesResolver","timestamp":"2023-02-25T04:37:38.646Z"}
info: Mapped {/user, GET} route {"context":"RouterExplorer","timestamp":"2023-02-25T04:37:38.649Z"}
info: Mapped {/user, POST} route {"context":"RouterExplorer","timestamp":"2023-02-25T04:37:38.649Z"}
info: Mapped {/user/profile, GET} route {"context":"RouterExplorer","timestamp":"2023-02-25T04:37:38.650Z"}
info: Mapped {/user/:id, PATCH} route {"context":"RouterExplorer","timestamp":"2023-02-25T04:37:38.650Z"}
info: Mapped {/user/:id, DELETE} route {"context":"RouterExplorer","timestamp":"2023-02-25T04:37:38.651Z"}
info: Mapped {/user/range, GET} route {"context":"RouterExplorer","timestamp":"2023-02-25T04:37:38.651Z"}
info: Mapped {/user/logs, GET} route {"context":"RouterExplorer","timestamp":"2023-02-25T04:37:38.651Z"}
info: Mapped {/user/logsbygroup, GET} route {"context":"RouterExplorer","timestamp":"2023-02-25T04:37:38.652Z"}
info: Mapped {/user/:id, GET} route {"context":"RouterExplorer","timestamp":"2023-02-25T04:37:38.652Z"}
info: AuthController {/auth}: {"context":"RoutesResolver","timestamp":"2023-02-25T04:37:38.653Z"}
info: Mapped {/auth/signin, POST} route {"context":"RouterExplorer","timestamp":"2023-02-25T04:37:38.653Z"}
info: Mapped {/auth/signup, POST} route {"context":"RouterExplorer","timestamp":"2023-02-25T04:37:38.653Z"}
info: Nest application successfully started {"context":"NestApplication","timestamp":"2023-02-25T04:37:38.656Z"}
error: ER_NO_DEFAULT_FOR_FIELD: Field 'name' doesn't have a default value {"context":"ExceptionsHandler","stack":["QueryFailedError: ER_NO_DEFAULT_FOR_FIELD: Field 'name' doesn't have a default value\n    at Query.<anonymous> (/Users/kuro/Desktop/project/nestjs-study/node_modules/.pnpm/registry.npmmirror.com+typeorm@0.3.7_x73xnbp4lsll6vfwidgmxki7zq/src/driver/mysql/MysqlQueryRunner.ts:222:33)\n    at Query.<anonymous> (/Users/kuro/Desktop/project/nestjs-study/node_modules/.pnpm/registry.npmmirror.com+mysql@2.18.1/node_modules/mysql/lib/Connection.js:526:10)\n    at Query._callback (/Users/kuro/Desktop/project/nestjs-study/node_modules/.pnpm/registry.npmmirror.com+mysql@2.18.1/node_modules/mysql/lib/Connection.js:488:16)\n    at Query.Sequence.end (/Users/kuro/Desktop/project/nestjs-study/node_modules/.pnpm/registry.npmmirror.com+mysql@2.18.1/node_modules/mysql/lib/protocol/sequences/Sequence.js:83:24)\n    at Query.ErrorPacket (/Users/kuro/Desktop/project/nestjs-study/node_modules/.pnpm/registry.npmmirror.com+mysql@2.18.1/node_modules/mysql/lib/protocol/sequences/Query.js:92:8)\n    at Protocol._parsePacket (/Users/kuro/Desktop/project/nestjs-study/node_modules/.pnpm/registry.npmmirror.com+mysql@2.18.1/node_modules/mysql/lib/protocol/Protocol.js:291:23)\n    at Parser._parsePacket (/Users/kuro/Desktop/project/nestjs-study/node_modules/.pnpm/registry.npmmirror.com+mysql@2.18.1/node_modules/mysql/lib/protocol/Parser.js:433:10)\n    at Parser.write (/Users/kuro/Desktop/project/nestjs-study/node_modules/.pnpm/registry.npmmirror.com+mysql@2.18.1/node_modules/mysql/lib/protocol/Parser.js:43:10)\n    at Protocol.write (/Users/kuro/Desktop/project/nestjs-study/node_modules/.pnpm/registry.npmmirror.com+mysql@2.18.1/node_modules/mysql/lib/protocol/Protocol.js:38:16)\n    at Socket.<anonymous> (/Users/kuro/Desktop/project/nestjs-study/node_modules/.pnpm/registry.npmmirror.com+mysql@2.18.1/node_modules/mysql/lib/Connection.js:88:28)"],"timestamp":"2023-02-25T04:38:41.325Z"}
info: UserController init {"timestamp":"2023-02-25T04:41:37.106Z"}
info: UserController {/user}: {"context":"RoutesResolver","timestamp":"2023-02-25T04:41:37.183Z"}
info: Mapped {/user, GET} route {"context":"RouterExplorer","timestamp":"2023-02-25T04:41:37.186Z"}
info: Mapped {/user, POST} route {"context":"RouterExplorer","timestamp":"2023-02-25T04:41:37.187Z"}
info: Mapped {/user/profile, GET} route {"context":"RouterExplorer","timestamp":"2023-02-25T04:41:37.188Z"}
info: Mapped {/user/:id, PATCH} route {"context":"RouterExplorer","timestamp":"2023-02-25T04:41:37.188Z"}
info: Mapped {/user/:id, DELETE} route {"context":"RouterExplorer","timestamp":"2023-02-25T04:41:37.189Z"}
info: Mapped {/user/range, GET} route {"context":"RouterExplorer","timestamp":"2023-02-25T04:41:37.190Z"}
info: Mapped {/user/logs, GET} route {"context":"RouterExplorer","timestamp":"2023-02-25T04:41:37.190Z"}
info: Mapped {/user/logsbygroup, GET} route {"context":"RouterExplorer","timestamp":"2023-02-25T04:41:37.191Z"}
info: Mapped {/user/:id, GET} route {"context":"RouterExplorer","timestamp":"2023-02-25T04:41:37.192Z"}
info: AuthController {/auth}: {"context":"RoutesResolver","timestamp":"2023-02-25T04:41:37.192Z"}
info: Mapped {/auth/signin, POST} route {"context":"RouterExplorer","timestamp":"2023-02-25T04:41:37.192Z"}
info: Mapped {/auth/signup, POST} route {"context":"RouterExplorer","timestamp":"2023-02-25T04:41:37.193Z"}
info: Nest application successfully started {"context":"NestApplication","timestamp":"2023-02-25T04:41:37.195Z"}
info: UserController init {"timestamp":"2023-02-25T04:41:55.284Z"}
info: UserController {/user}: {"context":"RoutesResolver","timestamp":"2023-02-25T04:41:55.306Z"}
info: Mapped {/user, GET} route {"context":"RouterExplorer","timestamp":"2023-02-25T04:41:55.309Z"}
info: Mapped {/user, POST} route {"context":"RouterExplorer","timestamp":"2023-02-25T04:41:55.310Z"}
info: Mapped {/user/profile, GET} route {"context":"RouterExplorer","timestamp":"2023-02-25T04:41:55.311Z"}
info: Mapped {/user/:id, PATCH} route {"context":"RouterExplorer","timestamp":"2023-02-25T04:41:55.312Z"}
info: Mapped {/user/:id, DELETE} route {"context":"RouterExplorer","timestamp":"2023-02-25T04:41:55.312Z"}
info: Mapped {/user/range, GET} route {"context":"RouterExplorer","timestamp":"2023-02-25T04:41:55.313Z"}
info: Mapped {/user/logs, GET} route {"context":"RouterExplorer","timestamp":"2023-02-25T04:41:55.314Z"}
info: Mapped {/user/logsbygroup, GET} route {"context":"RouterExplorer","timestamp":"2023-02-25T04:41:55.314Z"}
info: Mapped {/user/:id, GET} route {"context":"RouterExplorer","timestamp":"2023-02-25T04:41:55.316Z"}
info: AuthController {/auth}: {"context":"RoutesResolver","timestamp":"2023-02-25T04:41:55.316Z"}
info: Mapped {/auth/signin, POST} route {"context":"RouterExplorer","timestamp":"2023-02-25T04:41:55.317Z"}
info: Mapped {/auth/signup, POST} route {"context":"RouterExplorer","timestamp":"2023-02-25T04:41:55.317Z"}
info: Nest application successfully started {"context":"NestApplication","timestamp":"2023-02-25T04:41:55.319Z"}
info: UserController init {"timestamp":"2023-02-25T04:42:00.978Z"}
info: UserController {/user}: {"context":"RoutesResolver","timestamp":"2023-02-25T04:42:01.003Z"}
info: Mapped {/user, GET} route {"context":"RouterExplorer","timestamp":"2023-02-25T04:42:01.010Z"}
info: Mapped {/user, POST} route {"context":"RouterExplorer","timestamp":"2023-02-25T04:42:01.011Z"}
info: Mapped {/user/profile, GET} route {"context":"RouterExplorer","timestamp":"2023-02-25T04:42:01.012Z"}
info: Mapped {/user/:id, PATCH} route {"context":"RouterExplorer","timestamp":"2023-02-25T04:42:01.013Z"}
info: Mapped {/user/:id, DELETE} route {"context":"RouterExplorer","timestamp":"2023-02-25T04:42:01.014Z"}
info: Mapped {/user/range, GET} route {"context":"RouterExplorer","timestamp":"2023-02-25T04:42:01.015Z"}
info: Mapped {/user/logs, GET} route {"context":"RouterExplorer","timestamp":"2023-02-25T04:42:01.019Z"}
info: Mapped {/user/logsbygroup, GET} route {"context":"RouterExplorer","timestamp":"2023-02-25T04:42:01.026Z"}
info: Mapped {/user/:id, GET} route {"context":"RouterExplorer","timestamp":"2023-02-25T04:42:01.026Z"}
info: AuthController {/auth}: {"context":"RoutesResolver","timestamp":"2023-02-25T04:42:01.027Z"}
info: Mapped {/auth/signin, POST} route {"context":"RouterExplorer","timestamp":"2023-02-25T04:42:01.028Z"}
info: Mapped {/auth/signup, POST} route {"context":"RouterExplorer","timestamp":"2023-02-25T04:42:01.028Z"}
info: Nest application successfully started {"context":"NestApplication","timestamp":"2023-02-25T04:42:01.032Z"}
info: UserController init {"timestamp":"2023-02-25T04:42:11.446Z"}
info: UserController {/user}: {"context":"RoutesResolver","timestamp":"2023-02-25T04:42:11.465Z"}
info: Mapped {/user, GET} route {"context":"RouterExplorer","timestamp":"2023-02-25T04:42:11.467Z"}
info: Mapped {/user, POST} route {"context":"RouterExplorer","timestamp":"2023-02-25T04:42:11.468Z"}
info: Mapped {/user/profile, GET} route {"context":"RouterExplorer","timestamp":"2023-02-25T04:42:11.468Z"}
info: Mapped {/user/:id, PATCH} route {"context":"RouterExplorer","timestamp":"2023-02-25T04:42:11.469Z"}
info: Mapped {/user/:id, DELETE} route {"context":"RouterExplorer","timestamp":"2023-02-25T04:42:11.469Z"}
info: Mapped {/user/range, GET} route {"context":"RouterExplorer","timestamp":"2023-02-25T04:42:11.470Z"}
info: Mapped {/user/logs, GET} route {"context":"RouterExplorer","timestamp":"2023-02-25T04:42:11.470Z"}
info: Mapped {/user/logsbygroup, GET} route {"context":"RouterExplorer","timestamp":"2023-02-25T04:42:11.470Z"}
info: Mapped {/user/:id, GET} route {"context":"RouterExplorer","timestamp":"2023-02-25T04:42:11.471Z"}
info: AuthController {/auth}: {"context":"RoutesResolver","timestamp":"2023-02-25T04:42:11.471Z"}
info: Mapped {/auth/signin, POST} route {"context":"RouterExplorer","timestamp":"2023-02-25T04:42:11.471Z"}
info: Mapped {/auth/signup, POST} route {"context":"RouterExplorer","timestamp":"2023-02-25T04:42:11.472Z"}
info: Nest application successfully started {"context":"NestApplication","timestamp":"2023-02-25T04:42:11.474Z"}
info: UserController init {"timestamp":"2023-02-25T04:42:23.077Z"}
info: UserController {/user}: {"context":"RoutesResolver","timestamp":"2023-02-25T04:42:23.100Z"}
info: Mapped {/user, GET} route {"context":"RouterExplorer","timestamp":"2023-02-25T04:42:23.102Z"}
info: Mapped {/user, POST} route {"context":"RouterExplorer","timestamp":"2023-02-25T04:42:23.103Z"}
info: Mapped {/user/profile, GET} route {"context":"RouterExplorer","timestamp":"2023-02-25T04:42:23.104Z"}
info: Mapped {/user/:id, PATCH} route {"context":"RouterExplorer","timestamp":"2023-02-25T04:42:23.104Z"}
info: Mapped {/user/:id, DELETE} route {"context":"RouterExplorer","timestamp":"2023-02-25T04:42:23.105Z"}
info: Mapped {/user/range, GET} route {"context":"RouterExplorer","timestamp":"2023-02-25T04:42:23.105Z"}
info: Mapped {/user/logs, GET} route {"context":"RouterExplorer","timestamp":"2023-02-25T04:42:23.105Z"}
info: Mapped {/user/logsbygroup, GET} route {"context":"RouterExplorer","timestamp":"2023-02-25T04:42:23.106Z"}
info: Mapped {/user/:id, GET} route {"context":"RouterExplorer","timestamp":"2023-02-25T04:42:23.106Z"}
info: AuthController {/auth}: {"context":"RoutesResolver","timestamp":"2023-02-25T04:42:23.106Z"}
info: Mapped {/auth/signin, POST} route {"context":"RouterExplorer","timestamp":"2023-02-25T04:42:23.107Z"}
info: Mapped {/auth/signup, POST} route {"context":"RouterExplorer","timestamp":"2023-02-25T04:42:23.107Z"}
info: Nest application successfully started {"context":"NestApplication","timestamp":"2023-02-25T04:42:23.109Z"}
info: UserController init {"timestamp":"2023-02-25T04:42:33.357Z"}
info: UserController {/user}: {"context":"RoutesResolver","timestamp":"2023-02-25T04:42:33.381Z"}
info: Mapped {/user, GET} route {"context":"RouterExplorer","timestamp":"2023-02-25T04:42:33.384Z"}
info: Mapped {/user, POST} route {"context":"RouterExplorer","timestamp":"2023-02-25T04:42:33.385Z"}
info: Mapped {/user/profile, GET} route {"context":"RouterExplorer","timestamp":"2023-02-25T04:42:33.385Z"}
info: Mapped {/user/:id, PATCH} route {"context":"RouterExplorer","timestamp":"2023-02-25T04:42:33.386Z"}
info: Mapped {/user/:id, DELETE} route {"context":"RouterExplorer","timestamp":"2023-02-25T04:42:33.386Z"}
info: Mapped {/user/range, GET} route {"context":"RouterExplorer","timestamp":"2023-02-25T04:42:33.387Z"}
info: Mapped {/user/logs, GET} route {"context":"RouterExplorer","timestamp":"2023-02-25T04:42:33.387Z"}
info: Mapped {/user/logsbygroup, GET} route {"context":"RouterExplorer","timestamp":"2023-02-25T04:42:33.388Z"}
info: Mapped {/user/:id, GET} route {"context":"RouterExplorer","timestamp":"2023-02-25T04:42:33.388Z"}
info: AuthController {/auth}: {"context":"RoutesResolver","timestamp":"2023-02-25T04:42:33.388Z"}
info: Mapped {/auth/signin, POST} route {"context":"RouterExplorer","timestamp":"2023-02-25T04:42:33.389Z"}
info: Mapped {/auth/signup, POST} route {"context":"RouterExplorer","timestamp":"2023-02-25T04:42:33.389Z"}
info: Nest application successfully started {"context":"NestApplication","timestamp":"2023-02-25T04:42:33.392Z"}
info: UserController init {"timestamp":"2023-02-25T04:42:41.690Z"}
info: UserController {/user}: {"context":"RoutesResolver","timestamp":"2023-02-25T04:42:41.716Z"}
info: Mapped {/user, GET} route {"context":"RouterExplorer","timestamp":"2023-02-25T04:42:41.719Z"}
info: Mapped {/user, POST} route {"context":"RouterExplorer","timestamp":"2023-02-25T04:42:41.719Z"}
info: Mapped {/user/profile, GET} route {"context":"RouterExplorer","timestamp":"2023-02-25T04:42:41.720Z"}
info: Mapped {/user/:id, PATCH} route {"context":"RouterExplorer","timestamp":"2023-02-25T04:42:41.720Z"}
info: Mapped {/user/:id, DELETE} route {"context":"RouterExplorer","timestamp":"2023-02-25T04:42:41.721Z"}
info: Mapped {/user/range, GET} route {"context":"RouterExplorer","timestamp":"2023-02-25T04:42:41.721Z"}
info: Mapped {/user/logs, GET} route {"context":"RouterExplorer","timestamp":"2023-02-25T04:42:41.722Z"}
info: Mapped {/user/logsbygroup, GET} route {"context":"RouterExplorer","timestamp":"2023-02-25T04:42:41.722Z"}
info: Mapped {/user/:id, GET} route {"context":"RouterExplorer","timestamp":"2023-02-25T04:42:41.723Z"}
info: AuthController {/auth}: {"context":"RoutesResolver","timestamp":"2023-02-25T04:42:41.723Z"}
info: Mapped {/auth/signin, POST} route {"context":"RouterExplorer","timestamp":"2023-02-25T04:42:41.723Z"}
info: Mapped {/auth/signup, POST} route {"context":"RouterExplorer","timestamp":"2023-02-25T04:42:41.724Z"}
info: Nest application successfully started {"context":"NestApplication","timestamp":"2023-02-25T04:42:41.726Z"}
info: UserController init {"timestamp":"2023-02-25T04:42:54.085Z"}
info: UserController {/user}: {"context":"RoutesResolver","timestamp":"2023-02-25T04:42:54.113Z"}
info: Mapped {/user, GET} route {"context":"RouterExplorer","timestamp":"2023-02-25T04:42:54.117Z"}
info: Mapped {/user, POST} route {"context":"RouterExplorer","timestamp":"2023-02-25T04:42:54.117Z"}
info: Mapped {/user/profile, GET} route {"context":"RouterExplorer","timestamp":"2023-02-25T04:42:54.118Z"}
info: Mapped {/user/:id, PATCH} route {"context":"RouterExplorer","timestamp":"2023-02-25T04:42:54.119Z"}
info: Mapped {/user/:id, DELETE} route {"context":"RouterExplorer","timestamp":"2023-02-25T04:42:54.119Z"}
info: Mapped {/user/range, GET} route {"context":"RouterExplorer","timestamp":"2023-02-25T04:42:54.120Z"}
info: Mapped {/user/logs, GET} route {"context":"RouterExplorer","timestamp":"2023-02-25T04:42:54.120Z"}
info: Mapped {/user/logsbygroup, GET} route {"context":"RouterExplorer","timestamp":"2023-02-25T04:42:54.120Z"}
info: Mapped {/user/:id, GET} route {"context":"RouterExplorer","timestamp":"2023-02-25T04:42:54.121Z"}
info: AuthController {/auth}: {"context":"RoutesResolver","timestamp":"2023-02-25T04:42:54.121Z"}
info: Mapped {/auth/signin, POST} route {"context":"RouterExplorer","timestamp":"2023-02-25T04:42:54.122Z"}
info: Mapped {/auth/signup, POST} route {"context":"RouterExplorer","timestamp":"2023-02-25T04:42:54.123Z"}
info: Nest application successfully started {"context":"NestApplication","timestamp":"2023-02-25T04:42:54.125Z"}
