info: UserController init {"timestamp":"2023-03-09T09:11:38.139Z"}
info: UserController {/user}: {"context":"RoutesResolver","timestamp":"2023-03-09T09:11:38.151Z"}
info: Mapped {/user, GET} route {"context":"RouterExplorer","timestamp":"2023-03-09T09:11:38.154Z"}
info: Mapped {/user, POST} route {"context":"RouterExplorer","timestamp":"2023-03-09T09:11:38.154Z"}
info: Mapped {/user/profile, GET} route {"context":"RouterExplorer","timestamp":"2023-03-09T09:11:38.156Z"}
info: Mapped {/user/:id, PATCH} route {"context":"RouterExplorer","timestamp":"2023-03-09T09:11:38.157Z"}
info: Mapped {/user/:id, DELETE} route {"context":"RouterExplorer","timestamp":"2023-03-09T09:11:38.159Z"}
info: Mapped {/user/range, GET} route {"context":"RouterExplorer","timestamp":"2023-03-09T09:11:38.160Z"}
info: Mapped {/user/logs, GET} route {"context":"RouterExplorer","timestamp":"2023-03-09T09:11:38.161Z"}
info: Mapped {/user/logsbygroup, GET} route {"context":"RouterExplorer","timestamp":"2023-03-09T09:11:38.162Z"}
info: Mapped {/user/:id, GET} route {"context":"RouterExplorer","timestamp":"2023-03-09T09:11:38.163Z"}
info: LogsController {/logs}: {"context":"RoutesResolver","timestamp":"2023-03-09T09:11:38.164Z"}
info: Mapped {/logs, GET} route {"context":"RouterExplorer","timestamp":"2023-03-09T09:11:38.166Z"}
info: Mapped {/logs, POST} route {"context":"RouterExplorer","timestamp":"2023-03-09T09:11:38.166Z"}
info: AuthController {/auth}: {"context":"RoutesResolver","timestamp":"2023-03-09T09:11:38.167Z"}
info: Mapped {/auth/signin, POST} route {"context":"RouterExplorer","timestamp":"2023-03-09T09:11:38.167Z"}
info: Mapped {/auth/signup, POST} route {"context":"RouterExplorer","timestamp":"2023-03-09T09:11:38.168Z"}
info: RolesController {/roles}: {"context":"RoutesResolver","timestamp":"2023-03-09T09:11:38.168Z"}
info: Mapped {/roles, POST} route {"context":"RouterExplorer","timestamp":"2023-03-09T09:11:38.168Z"}
info: Mapped {/roles, GET} route {"context":"RouterExplorer","timestamp":"2023-03-09T09:11:38.168Z"}
info: Mapped {/roles/:id, GET} route {"context":"RouterExplorer","timestamp":"2023-03-09T09:11:38.169Z"}
info: Mapped {/roles/:id, PATCH} route {"context":"RouterExplorer","timestamp":"2023-03-09T09:11:38.169Z"}
info: Mapped {/roles/:id, DELETE} route {"context":"RouterExplorer","timestamp":"2023-03-09T09:11:38.170Z"}
info: MenusController {/menus}: {"context":"RoutesResolver","timestamp":"2023-03-09T09:11:38.170Z"}
info: Mapped {/menus, POST} route {"context":"RouterExplorer","timestamp":"2023-03-09T09:11:38.170Z"}
info: Mapped {/menus, GET} route {"context":"RouterExplorer","timestamp":"2023-03-09T09:11:38.170Z"}
info: Mapped {/menus/:id, GET} route {"context":"RouterExplorer","timestamp":"2023-03-09T09:11:38.171Z"}
info: Mapped {/menus/:id, PATCH} route {"context":"RouterExplorer","timestamp":"2023-03-09T09:11:38.172Z"}
info: Mapped {/menus/:id, DELETE} route {"context":"RouterExplorer","timestamp":"2023-03-09T09:11:38.172Z"}
info: Nest application successfully started {"context":"NestApplication","timestamp":"2023-03-09T09:11:38.177Z"}
info: UserController init {"timestamp":"2023-03-09T09:13:42.989Z"}
info: UserController {/user}: {"context":"RoutesResolver","timestamp":"2023-03-09T09:13:42.997Z"}
info: Mapped {/user, GET} route {"context":"RouterExplorer","timestamp":"2023-03-09T09:13:43.000Z"}
info: Mapped {/user, POST} route {"context":"RouterExplorer","timestamp":"2023-03-09T09:13:43.001Z"}
info: Mapped {/user/profile, GET} route {"context":"RouterExplorer","timestamp":"2023-03-09T09:13:43.002Z"}
info: Mapped {/user/:id, PATCH} route {"context":"RouterExplorer","timestamp":"2023-03-09T09:13:43.002Z"}
info: Mapped {/user/:id, DELETE} route {"context":"RouterExplorer","timestamp":"2023-03-09T09:13:43.003Z"}
info: Mapped {/user/range, GET} route {"context":"RouterExplorer","timestamp":"2023-03-09T09:13:43.004Z"}
info: Mapped {/user/logs, GET} route {"context":"RouterExplorer","timestamp":"2023-03-09T09:13:43.005Z"}
info: Mapped {/user/logsbygroup, GET} route {"context":"RouterExplorer","timestamp":"2023-03-09T09:13:43.006Z"}
info: Mapped {/user/:id, GET} route {"context":"RouterExplorer","timestamp":"2023-03-09T09:13:43.007Z"}
info: LogsController {/logs}: {"context":"RoutesResolver","timestamp":"2023-03-09T09:13:43.007Z"}
info: Mapped {/logs, GET} route {"context":"RouterExplorer","timestamp":"2023-03-09T09:13:43.008Z"}
info: Mapped {/logs, POST} route {"context":"RouterExplorer","timestamp":"2023-03-09T09:13:43.009Z"}
info: AuthController {/auth}: {"context":"RoutesResolver","timestamp":"2023-03-09T09:13:43.009Z"}
info: Mapped {/auth/signin, POST} route {"context":"RouterExplorer","timestamp":"2023-03-09T09:13:43.010Z"}
info: Mapped {/auth/signup, POST} route {"context":"RouterExplorer","timestamp":"2023-03-09T09:13:43.010Z"}
info: RolesController {/roles}: {"context":"RoutesResolver","timestamp":"2023-03-09T09:13:43.011Z"}
info: Mapped {/roles, POST} route {"context":"RouterExplorer","timestamp":"2023-03-09T09:13:43.011Z"}
info: Mapped {/roles, GET} route {"context":"RouterExplorer","timestamp":"2023-03-09T09:13:43.012Z"}
info: Mapped {/roles/:id, GET} route {"context":"RouterExplorer","timestamp":"2023-03-09T09:13:43.012Z"}
info: Mapped {/roles/:id, PATCH} route {"context":"RouterExplorer","timestamp":"2023-03-09T09:13:43.013Z"}
info: Mapped {/roles/:id, DELETE} route {"context":"RouterExplorer","timestamp":"2023-03-09T09:13:43.013Z"}
info: MenusController {/menus}: {"context":"RoutesResolver","timestamp":"2023-03-09T09:13:43.013Z"}
info: Mapped {/menus, POST} route {"context":"RouterExplorer","timestamp":"2023-03-09T09:13:43.014Z"}
info: Mapped {/menus, GET} route {"context":"RouterExplorer","timestamp":"2023-03-09T09:13:43.014Z"}
info: Mapped {/menus/:id, GET} route {"context":"RouterExplorer","timestamp":"2023-03-09T09:13:43.015Z"}
info: Mapped {/menus/:id, PATCH} route {"context":"RouterExplorer","timestamp":"2023-03-09T09:13:43.016Z"}
info: Mapped {/menus/:id, DELETE} route {"context":"RouterExplorer","timestamp":"2023-03-09T09:13:43.017Z"}
info: Nest application successfully started {"context":"NestApplication","timestamp":"2023-03-09T09:13:43.020Z"}
info: UserController init {"timestamp":"2023-03-09T09:16:33.841Z"}
info: UserController {/user}: {"context":"RoutesResolver","timestamp":"2023-03-09T09:16:33.853Z"}
info: Mapped {/user, GET} route {"context":"RouterExplorer","timestamp":"2023-03-09T09:16:33.857Z"}
info: Mapped {/user, POST} route {"context":"RouterExplorer","timestamp":"2023-03-09T09:16:33.858Z"}
info: Mapped {/user/profile, GET} route {"context":"RouterExplorer","timestamp":"2023-03-09T09:16:33.863Z"}
info: Mapped {/user/:id, PATCH} route {"context":"RouterExplorer","timestamp":"2023-03-09T09:16:33.868Z"}
info: Mapped {/user/:id, DELETE} route {"context":"RouterExplorer","timestamp":"2023-03-09T09:16:33.869Z"}
info: Mapped {/user/range, GET} route {"context":"RouterExplorer","timestamp":"2023-03-09T09:16:33.871Z"}
info: Mapped {/user/logs, GET} route {"context":"RouterExplorer","timestamp":"2023-03-09T09:16:33.872Z"}
info: Mapped {/user/logsbygroup, GET} route {"context":"RouterExplorer","timestamp":"2023-03-09T09:16:33.872Z"}
info: Mapped {/user/:id, GET} route {"context":"RouterExplorer","timestamp":"2023-03-09T09:16:33.874Z"}
info: LogsController {/logs}: {"context":"RoutesResolver","timestamp":"2023-03-09T09:16:33.874Z"}
info: Mapped {/logs, GET} route {"context":"RouterExplorer","timestamp":"2023-03-09T09:16:33.877Z"}
info: Mapped {/logs, POST} route {"context":"RouterExplorer","timestamp":"2023-03-09T09:16:33.879Z"}
info: AuthController {/auth}: {"context":"RoutesResolver","timestamp":"2023-03-09T09:16:33.879Z"}
info: Mapped {/auth/signin, POST} route {"context":"RouterExplorer","timestamp":"2023-03-09T09:16:33.881Z"}
info: Mapped {/auth/signup, POST} route {"context":"RouterExplorer","timestamp":"2023-03-09T09:16:33.883Z"}
info: RolesController {/roles}: {"context":"RoutesResolver","timestamp":"2023-03-09T09:16:33.883Z"}
info: Mapped {/roles, POST} route {"context":"RouterExplorer","timestamp":"2023-03-09T09:16:33.884Z"}
info: Mapped {/roles, GET} route {"context":"RouterExplorer","timestamp":"2023-03-09T09:16:33.887Z"}
info: Mapped {/roles/:id, GET} route {"context":"RouterExplorer","timestamp":"2023-03-09T09:16:33.888Z"}
info: Mapped {/roles/:id, PATCH} route {"context":"RouterExplorer","timestamp":"2023-03-09T09:16:33.889Z"}
info: Mapped {/roles/:id, DELETE} route {"context":"RouterExplorer","timestamp":"2023-03-09T09:16:33.889Z"}
info: MenusController {/menus}: {"context":"RoutesResolver","timestamp":"2023-03-09T09:16:33.890Z"}
info: Mapped {/menus, POST} route {"context":"RouterExplorer","timestamp":"2023-03-09T09:16:33.891Z"}
info: Mapped {/menus, GET} route {"context":"RouterExplorer","timestamp":"2023-03-09T09:16:33.892Z"}
info: Mapped {/menus/:id, GET} route {"context":"RouterExplorer","timestamp":"2023-03-09T09:16:33.893Z"}
info: Mapped {/menus/:id, PATCH} route {"context":"RouterExplorer","timestamp":"2023-03-09T09:16:33.893Z"}
info: Mapped {/menus/:id, DELETE} route {"context":"RouterExplorer","timestamp":"2023-03-09T09:16:33.899Z"}
info: Nest application successfully started {"context":"NestApplication","timestamp":"2023-03-09T09:16:33.904Z"}
info: UserController init {"timestamp":"2023-03-09T09:16:48.189Z"}
info: UserController {/user}: {"context":"RoutesResolver","timestamp":"2023-03-09T09:16:48.202Z"}
info: Mapped {/user, GET} route {"context":"RouterExplorer","timestamp":"2023-03-09T09:16:48.206Z"}
info: Mapped {/user, POST} route {"context":"RouterExplorer","timestamp":"2023-03-09T09:16:48.207Z"}
info: Mapped {/user/profile, GET} route {"context":"RouterExplorer","timestamp":"2023-03-09T09:16:48.209Z"}
info: Mapped {/user/:id, PATCH} route {"context":"RouterExplorer","timestamp":"2023-03-09T09:16:48.210Z"}
info: Mapped {/user/:id, DELETE} route {"context":"RouterExplorer","timestamp":"2023-03-09T09:16:48.211Z"}
info: Mapped {/user/range, GET} route {"context":"RouterExplorer","timestamp":"2023-03-09T09:16:48.212Z"}
info: Mapped {/user/logs, GET} route {"context":"RouterExplorer","timestamp":"2023-03-09T09:16:48.216Z"}
info: Mapped {/user/logsbygroup, GET} route {"context":"RouterExplorer","timestamp":"2023-03-09T09:16:48.217Z"}
info: Mapped {/user/:id, GET} route {"context":"RouterExplorer","timestamp":"2023-03-09T09:16:48.219Z"}
info: LogsController {/logs}: {"context":"RoutesResolver","timestamp":"2023-03-09T09:16:48.222Z"}
info: Mapped {/logs, GET} route {"context":"RouterExplorer","timestamp":"2023-03-09T09:16:48.225Z"}
info: Mapped {/logs, POST} route {"context":"RouterExplorer","timestamp":"2023-03-09T09:16:48.229Z"}
info: AuthController {/auth}: {"context":"RoutesResolver","timestamp":"2023-03-09T09:16:48.240Z"}
info: Mapped {/auth/signin, POST} route {"context":"RouterExplorer","timestamp":"2023-03-09T09:16:48.241Z"}
info: Mapped {/auth/signup, POST} route {"context":"RouterExplorer","timestamp":"2023-03-09T09:16:48.242Z"}
info: RolesController {/roles}: {"context":"RoutesResolver","timestamp":"2023-03-09T09:16:48.242Z"}
info: Mapped {/roles, POST} route {"context":"RouterExplorer","timestamp":"2023-03-09T09:16:48.243Z"}
info: Mapped {/roles, GET} route {"context":"RouterExplorer","timestamp":"2023-03-09T09:16:48.244Z"}
info: Mapped {/roles/:id, GET} route {"context":"RouterExplorer","timestamp":"2023-03-09T09:16:48.244Z"}
info: Mapped {/roles/:id, PATCH} route {"context":"RouterExplorer","timestamp":"2023-03-09T09:16:48.245Z"}
info: Mapped {/roles/:id, DELETE} route {"context":"RouterExplorer","timestamp":"2023-03-09T09:16:48.246Z"}
info: MenusController {/menus}: {"context":"RoutesResolver","timestamp":"2023-03-09T09:16:48.246Z"}
info: Mapped {/menus, POST} route {"context":"RouterExplorer","timestamp":"2023-03-09T09:16:48.247Z"}
info: Mapped {/menus, GET} route {"context":"RouterExplorer","timestamp":"2023-03-09T09:16:48.247Z"}
info: Mapped {/menus/:id, GET} route {"context":"RouterExplorer","timestamp":"2023-03-09T09:16:48.248Z"}
info: Mapped {/menus/:id, PATCH} route {"context":"RouterExplorer","timestamp":"2023-03-09T09:16:48.248Z"}
info: Mapped {/menus/:id, DELETE} route {"context":"RouterExplorer","timestamp":"2023-03-09T09:16:48.249Z"}
info: Nest application successfully started {"context":"NestApplication","timestamp":"2023-03-09T09:16:48.252Z"}
info: UserController init {"timestamp":"2023-03-09T09:18:28.331Z"}
info: UserController {/user}: {"context":"RoutesResolver","timestamp":"2023-03-09T09:18:28.339Z"}
info: Mapped {/user, GET} route {"context":"RouterExplorer","timestamp":"2023-03-09T09:18:28.342Z"}
info: Mapped {/user, POST} route {"context":"RouterExplorer","timestamp":"2023-03-09T09:18:28.343Z"}
info: Mapped {/user/profile, GET} route {"context":"RouterExplorer","timestamp":"2023-03-09T09:18:28.344Z"}
info: Mapped {/user/:id, PATCH} route {"context":"RouterExplorer","timestamp":"2023-03-09T09:18:28.345Z"}
info: Mapped {/user/:id, DELETE} route {"context":"RouterExplorer","timestamp":"2023-03-09T09:18:28.346Z"}
info: Mapped {/user/range, GET} route {"context":"RouterExplorer","timestamp":"2023-03-09T09:18:28.346Z"}
info: Mapped {/user/logs, GET} route {"context":"RouterExplorer","timestamp":"2023-03-09T09:18:28.347Z"}
info: Mapped {/user/logsbygroup, GET} route {"context":"RouterExplorer","timestamp":"2023-03-09T09:18:28.348Z"}
info: Mapped {/user/:id, GET} route {"context":"RouterExplorer","timestamp":"2023-03-09T09:18:28.350Z"}
info: LogsController {/logs}: {"context":"RoutesResolver","timestamp":"2023-03-09T09:18:28.350Z"}
info: Mapped {/logs, GET} route {"context":"RouterExplorer","timestamp":"2023-03-09T09:18:28.351Z"}
info: Mapped {/logs, POST} route {"context":"RouterExplorer","timestamp":"2023-03-09T09:18:28.351Z"}
info: AuthController {/auth}: {"context":"RoutesResolver","timestamp":"2023-03-09T09:18:28.352Z"}
info: Mapped {/auth/signin, POST} route {"context":"RouterExplorer","timestamp":"2023-03-09T09:18:28.352Z"}
info: Mapped {/auth/signup, POST} route {"context":"RouterExplorer","timestamp":"2023-03-09T09:18:28.353Z"}
info: RolesController {/roles}: {"context":"RoutesResolver","timestamp":"2023-03-09T09:18:28.353Z"}
info: Mapped {/roles, POST} route {"context":"RouterExplorer","timestamp":"2023-03-09T09:18:28.354Z"}
info: Mapped {/roles, GET} route {"context":"RouterExplorer","timestamp":"2023-03-09T09:18:28.354Z"}
info: Mapped {/roles/:id, GET} route {"context":"RouterExplorer","timestamp":"2023-03-09T09:18:28.354Z"}
info: Mapped {/roles/:id, PATCH} route {"context":"RouterExplorer","timestamp":"2023-03-09T09:18:28.355Z"}
info: Mapped {/roles/:id, DELETE} route {"context":"RouterExplorer","timestamp":"2023-03-09T09:18:28.355Z"}
info: MenusController {/menus}: {"context":"RoutesResolver","timestamp":"2023-03-09T09:18:28.356Z"}
info: Mapped {/menus, POST} route {"context":"RouterExplorer","timestamp":"2023-03-09T09:18:28.356Z"}
info: Mapped {/menus, GET} route {"context":"RouterExplorer","timestamp":"2023-03-09T09:18:28.357Z"}
info: Mapped {/menus/:id, GET} route {"context":"RouterExplorer","timestamp":"2023-03-09T09:18:28.357Z"}
info: Mapped {/menus/:id, PATCH} route {"context":"RouterExplorer","timestamp":"2023-03-09T09:18:28.358Z"}
info: Mapped {/menus/:id, DELETE} route {"context":"RouterExplorer","timestamp":"2023-03-09T09:18:28.358Z"}
info: Nest application successfully started {"context":"NestApplication","timestamp":"2023-03-09T09:18:28.361Z"}
info: UserController init {"timestamp":"2023-03-09T09:26:40.971Z"}
info: UserController {/user}: {"context":"RoutesResolver","timestamp":"2023-03-09T09:26:40.984Z"}
info: Mapped {/user, GET} route {"context":"RouterExplorer","timestamp":"2023-03-09T09:26:40.988Z"}
info: Mapped {/user, POST} route {"context":"RouterExplorer","timestamp":"2023-03-09T09:26:40.989Z"}
info: Mapped {/user/profile, GET} route {"context":"RouterExplorer","timestamp":"2023-03-09T09:26:40.992Z"}
info: Mapped {/user/:id, PATCH} route {"context":"RouterExplorer","timestamp":"2023-03-09T09:26:40.993Z"}
info: Mapped {/user/:id, DELETE} route {"context":"RouterExplorer","timestamp":"2023-03-09T09:26:40.994Z"}
info: Mapped {/user/range, GET} route {"context":"RouterExplorer","timestamp":"2023-03-09T09:26:40.995Z"}
info: Mapped {/user/logs, GET} route {"context":"RouterExplorer","timestamp":"2023-03-09T09:26:41.001Z"}
info: Mapped {/user/logsbygroup, GET} route {"context":"RouterExplorer","timestamp":"2023-03-09T09:26:41.002Z"}
info: Mapped {/user/:id, GET} route {"context":"RouterExplorer","timestamp":"2023-03-09T09:26:41.006Z"}
info: LogsController {/logs}: {"context":"RoutesResolver","timestamp":"2023-03-09T09:26:41.007Z"}
info: Mapped {/logs, GET} route {"context":"RouterExplorer","timestamp":"2023-03-09T09:26:41.008Z"}
info: Mapped {/logs, POST} route {"context":"RouterExplorer","timestamp":"2023-03-09T09:26:41.008Z"}
info: AuthController {/auth}: {"context":"RoutesResolver","timestamp":"2023-03-09T09:26:41.009Z"}
info: Mapped {/auth/signin, POST} route {"context":"RouterExplorer","timestamp":"2023-03-09T09:26:41.009Z"}
info: Mapped {/auth/signup, POST} route {"context":"RouterExplorer","timestamp":"2023-03-09T09:26:41.012Z"}
info: RolesController {/roles}: {"context":"RoutesResolver","timestamp":"2023-03-09T09:26:41.013Z"}
info: Mapped {/roles, POST} route {"context":"RouterExplorer","timestamp":"2023-03-09T09:26:41.014Z"}
info: Mapped {/roles, GET} route {"context":"RouterExplorer","timestamp":"2023-03-09T09:26:41.015Z"}
info: Mapped {/roles/:id, GET} route {"context":"RouterExplorer","timestamp":"2023-03-09T09:26:41.015Z"}
info: Mapped {/roles/:id, PATCH} route {"context":"RouterExplorer","timestamp":"2023-03-09T09:26:41.016Z"}
info: Mapped {/roles/:id, DELETE} route {"context":"RouterExplorer","timestamp":"2023-03-09T09:26:41.016Z"}
info: MenusController {/menus}: {"context":"RoutesResolver","timestamp":"2023-03-09T09:26:41.017Z"}
info: Mapped {/menus, POST} route {"context":"RouterExplorer","timestamp":"2023-03-09T09:26:41.017Z"}
info: Mapped {/menus, GET} route {"context":"RouterExplorer","timestamp":"2023-03-09T09:26:41.017Z"}
info: Mapped {/menus/:id, GET} route {"context":"RouterExplorer","timestamp":"2023-03-09T09:26:41.019Z"}
info: Mapped {/menus/:id, PATCH} route {"context":"RouterExplorer","timestamp":"2023-03-09T09:26:41.020Z"}
info: Mapped {/menus/:id, DELETE} route {"context":"RouterExplorer","timestamp":"2023-03-09T09:26:41.021Z"}
info: Nest application successfully started {"context":"NestApplication","timestamp":"2023-03-09T09:26:41.025Z"}
info: UserController init {"timestamp":"2023-03-09T09:27:45.714Z"}
info: UserController {/user}: {"context":"RoutesResolver","timestamp":"2023-03-09T09:27:45.733Z"}
info: Mapped {/user, GET} route {"context":"RouterExplorer","timestamp":"2023-03-09T09:27:45.746Z"}
info: Mapped {/user, POST} route {"context":"RouterExplorer","timestamp":"2023-03-09T09:27:45.748Z"}
info: Mapped {/user/profile, GET} route {"context":"RouterExplorer","timestamp":"2023-03-09T09:27:45.749Z"}
info: Mapped {/user/:id, PATCH} route {"context":"RouterExplorer","timestamp":"2023-03-09T09:27:45.751Z"}
info: Mapped {/user/:id, DELETE} route {"context":"RouterExplorer","timestamp":"2023-03-09T09:27:45.752Z"}
info: Mapped {/user/range, GET} route {"context":"RouterExplorer","timestamp":"2023-03-09T09:27:45.753Z"}
info: Mapped {/user/logs, GET} route {"context":"RouterExplorer","timestamp":"2023-03-09T09:27:45.754Z"}
info: Mapped {/user/logsbygroup, GET} route {"context":"RouterExplorer","timestamp":"2023-03-09T09:27:45.755Z"}
info: Mapped {/user/:id, GET} route {"context":"RouterExplorer","timestamp":"2023-03-09T09:27:45.756Z"}
info: LogsController {/logs}: {"context":"RoutesResolver","timestamp":"2023-03-09T09:27:45.757Z"}
info: Mapped {/logs, GET} route {"context":"RouterExplorer","timestamp":"2023-03-09T09:27:45.758Z"}
info: Mapped {/logs, POST} route {"context":"RouterExplorer","timestamp":"2023-03-09T09:27:45.758Z"}
info: AuthController {/auth}: {"context":"RoutesResolver","timestamp":"2023-03-09T09:27:45.759Z"}
info: Mapped {/auth/signin, POST} route {"context":"RouterExplorer","timestamp":"2023-03-09T09:27:45.760Z"}
info: Mapped {/auth/signup, POST} route {"context":"RouterExplorer","timestamp":"2023-03-09T09:27:45.761Z"}
info: RolesController {/roles}: {"context":"RoutesResolver","timestamp":"2023-03-09T09:27:45.761Z"}
info: Mapped {/roles, POST} route {"context":"RouterExplorer","timestamp":"2023-03-09T09:27:45.762Z"}
info: Mapped {/roles, GET} route {"context":"RouterExplorer","timestamp":"2023-03-09T09:27:45.762Z"}
info: Mapped {/roles/:id, GET} route {"context":"RouterExplorer","timestamp":"2023-03-09T09:27:45.763Z"}
info: Mapped {/roles/:id, PATCH} route {"context":"RouterExplorer","timestamp":"2023-03-09T09:27:45.764Z"}
info: Mapped {/roles/:id, DELETE} route {"context":"RouterExplorer","timestamp":"2023-03-09T09:27:45.764Z"}
info: MenusController {/menus}: {"context":"RoutesResolver","timestamp":"2023-03-09T09:27:45.766Z"}
info: Mapped {/menus, POST} route {"context":"RouterExplorer","timestamp":"2023-03-09T09:27:45.766Z"}
info: Mapped {/menus, GET} route {"context":"RouterExplorer","timestamp":"2023-03-09T09:27:45.767Z"}
info: Mapped {/menus/:id, GET} route {"context":"RouterExplorer","timestamp":"2023-03-09T09:27:45.767Z"}
info: Mapped {/menus/:id, PATCH} route {"context":"RouterExplorer","timestamp":"2023-03-09T09:27:45.770Z"}
info: Mapped {/menus/:id, DELETE} route {"context":"RouterExplorer","timestamp":"2023-03-09T09:27:45.772Z"}
info: Nest application successfully started {"context":"NestApplication","timestamp":"2023-03-09T09:27:45.783Z"}
info: UserController init {"timestamp":"2023-03-09T09:28:37.999Z"}
info: UserController {/user}: {"context":"RoutesResolver","timestamp":"2023-03-09T09:28:38.009Z"}
info: Mapped {/user, GET} route {"context":"RouterExplorer","timestamp":"2023-03-09T09:28:38.014Z"}
info: Mapped {/user, POST} route {"context":"RouterExplorer","timestamp":"2023-03-09T09:28:38.015Z"}
info: Mapped {/user/profile, GET} route {"context":"RouterExplorer","timestamp":"2023-03-09T09:28:38.016Z"}
info: Mapped {/user/:id, PATCH} route {"context":"RouterExplorer","timestamp":"2023-03-09T09:28:38.018Z"}
info: Mapped {/user/:id, DELETE} route {"context":"RouterExplorer","timestamp":"2023-03-09T09:28:38.019Z"}
info: Mapped {/user/range, GET} route {"context":"RouterExplorer","timestamp":"2023-03-09T09:28:38.021Z"}
info: Mapped {/user/logs, GET} route {"context":"RouterExplorer","timestamp":"2023-03-09T09:28:38.024Z"}
info: Mapped {/user/logsbygroup, GET} route {"context":"RouterExplorer","timestamp":"2023-03-09T09:28:38.024Z"}
info: Mapped {/user/:id, GET} route {"context":"RouterExplorer","timestamp":"2023-03-09T09:28:38.026Z"}
info: LogsController {/logs}: {"context":"RoutesResolver","timestamp":"2023-03-09T09:28:38.028Z"}
info: Mapped {/logs, GET} route {"context":"RouterExplorer","timestamp":"2023-03-09T09:28:38.029Z"}
info: Mapped {/logs, POST} route {"context":"RouterExplorer","timestamp":"2023-03-09T09:28:38.030Z"}
info: AuthController {/auth}: {"context":"RoutesResolver","timestamp":"2023-03-09T09:28:38.030Z"}
info: Mapped {/auth/signin, POST} route {"context":"RouterExplorer","timestamp":"2023-03-09T09:28:38.031Z"}
info: Mapped {/auth/signup, POST} route {"context":"RouterExplorer","timestamp":"2023-03-09T09:28:38.031Z"}
info: RolesController {/roles}: {"context":"RoutesResolver","timestamp":"2023-03-09T09:28:38.031Z"}
info: Mapped {/roles, POST} route {"context":"RouterExplorer","timestamp":"2023-03-09T09:28:38.032Z"}
info: Mapped {/roles, GET} route {"context":"RouterExplorer","timestamp":"2023-03-09T09:28:38.032Z"}
info: Mapped {/roles/:id, GET} route {"context":"RouterExplorer","timestamp":"2023-03-09T09:28:38.033Z"}
info: Mapped {/roles/:id, PATCH} route {"context":"RouterExplorer","timestamp":"2023-03-09T09:28:38.034Z"}
info: Mapped {/roles/:id, DELETE} route {"context":"RouterExplorer","timestamp":"2023-03-09T09:28:38.034Z"}
info: MenusController {/menus}: {"context":"RoutesResolver","timestamp":"2023-03-09T09:28:38.034Z"}
info: Mapped {/menus, POST} route {"context":"RouterExplorer","timestamp":"2023-03-09T09:28:38.035Z"}
info: Mapped {/menus, GET} route {"context":"RouterExplorer","timestamp":"2023-03-09T09:28:38.035Z"}
info: Mapped {/menus/:id, GET} route {"context":"RouterExplorer","timestamp":"2023-03-09T09:28:38.038Z"}
info: Mapped {/menus/:id, PATCH} route {"context":"RouterExplorer","timestamp":"2023-03-09T09:28:38.038Z"}
info: Mapped {/menus/:id, DELETE} route {"context":"RouterExplorer","timestamp":"2023-03-09T09:28:38.039Z"}
info: Nest application successfully started {"context":"NestApplication","timestamp":"2023-03-09T09:28:38.045Z"}
info: UserController init {"timestamp":"2023-03-09T09:29:18.434Z"}
info: UserController {/user}: {"context":"RoutesResolver","timestamp":"2023-03-09T09:29:18.451Z"}
info: Mapped {/user, GET} route {"context":"RouterExplorer","timestamp":"2023-03-09T09:29:18.457Z"}
info: Mapped {/user, POST} route {"context":"RouterExplorer","timestamp":"2023-03-09T09:29:18.458Z"}
info: Mapped {/user/profile, GET} route {"context":"RouterExplorer","timestamp":"2023-03-09T09:29:18.459Z"}
info: Mapped {/user/:id, PATCH} route {"context":"RouterExplorer","timestamp":"2023-03-09T09:29:18.460Z"}
info: Mapped {/user/:id, DELETE} route {"context":"RouterExplorer","timestamp":"2023-03-09T09:29:18.461Z"}
info: Mapped {/user/range, GET} route {"context":"RouterExplorer","timestamp":"2023-03-09T09:29:18.463Z"}
info: Mapped {/user/logs, GET} route {"context":"RouterExplorer","timestamp":"2023-03-09T09:29:18.464Z"}
info: Mapped {/user/logsbygroup, GET} route {"context":"RouterExplorer","timestamp":"2023-03-09T09:29:18.465Z"}
info: Mapped {/user/:id, GET} route {"context":"RouterExplorer","timestamp":"2023-03-09T09:29:18.466Z"}
info: LogsController {/logs}: {"context":"RoutesResolver","timestamp":"2023-03-09T09:29:18.466Z"}
info: Mapped {/logs, GET} route {"context":"RouterExplorer","timestamp":"2023-03-09T09:29:18.467Z"}
info: Mapped {/logs, POST} route {"context":"RouterExplorer","timestamp":"2023-03-09T09:29:18.468Z"}
info: AuthController {/auth}: {"context":"RoutesResolver","timestamp":"2023-03-09T09:29:18.468Z"}
info: Mapped {/auth/signin, POST} route {"context":"RouterExplorer","timestamp":"2023-03-09T09:29:18.471Z"}
info: Mapped {/auth/signup, POST} route {"context":"RouterExplorer","timestamp":"2023-03-09T09:29:18.471Z"}
info: RolesController {/roles}: {"context":"RoutesResolver","timestamp":"2023-03-09T09:29:18.472Z"}
info: Mapped {/roles, POST} route {"context":"RouterExplorer","timestamp":"2023-03-09T09:29:18.473Z"}
info: Mapped {/roles, GET} route {"context":"RouterExplorer","timestamp":"2023-03-09T09:29:18.473Z"}
info: Mapped {/roles/:id, GET} route {"context":"RouterExplorer","timestamp":"2023-03-09T09:29:18.474Z"}
info: Mapped {/roles/:id, PATCH} route {"context":"RouterExplorer","timestamp":"2023-03-09T09:29:18.475Z"}
info: Mapped {/roles/:id, DELETE} route {"context":"RouterExplorer","timestamp":"2023-03-09T09:29:18.476Z"}
info: MenusController {/menus}: {"context":"RoutesResolver","timestamp":"2023-03-09T09:29:18.476Z"}
info: Mapped {/menus, POST} route {"context":"RouterExplorer","timestamp":"2023-03-09T09:29:18.476Z"}
info: Mapped {/menus, GET} route {"context":"RouterExplorer","timestamp":"2023-03-09T09:29:18.477Z"}
info: Mapped {/menus/:id, GET} route {"context":"RouterExplorer","timestamp":"2023-03-09T09:29:18.477Z"}
info: Mapped {/menus/:id, PATCH} route {"context":"RouterExplorer","timestamp":"2023-03-09T09:29:18.478Z"}
info: Mapped {/menus/:id, DELETE} route {"context":"RouterExplorer","timestamp":"2023-03-09T09:29:18.479Z"}
info: Nest application successfully started {"context":"NestApplication","timestamp":"2023-03-09T09:29:18.488Z"}
info: UserController init {"timestamp":"2023-03-09T09:29:42.671Z"}
info: UserController {/user}: {"context":"RoutesResolver","timestamp":"2023-03-09T09:29:42.679Z"}
info: Mapped {/user, GET} route {"context":"RouterExplorer","timestamp":"2023-03-09T09:29:42.682Z"}
info: Mapped {/user, POST} route {"context":"RouterExplorer","timestamp":"2023-03-09T09:29:42.683Z"}
info: Mapped {/user/profile, GET} route {"context":"RouterExplorer","timestamp":"2023-03-09T09:29:42.685Z"}
info: Mapped {/user/:id, PATCH} route {"context":"RouterExplorer","timestamp":"2023-03-09T09:29:42.687Z"}
info: Mapped {/user/:id, DELETE} route {"context":"RouterExplorer","timestamp":"2023-03-09T09:29:42.687Z"}
info: Mapped {/user/range, GET} route {"context":"RouterExplorer","timestamp":"2023-03-09T09:29:42.688Z"}
info: Mapped {/user/logs, GET} route {"context":"RouterExplorer","timestamp":"2023-03-09T09:29:42.689Z"}
info: Mapped {/user/logsbygroup, GET} route {"context":"RouterExplorer","timestamp":"2023-03-09T09:29:42.690Z"}
info: Mapped {/user/:id, GET} route {"context":"RouterExplorer","timestamp":"2023-03-09T09:29:42.693Z"}
info: LogsController {/logs}: {"context":"RoutesResolver","timestamp":"2023-03-09T09:29:42.694Z"}
info: Mapped {/logs, GET} route {"context":"RouterExplorer","timestamp":"2023-03-09T09:29:42.695Z"}
info: Mapped {/logs, POST} route {"context":"RouterExplorer","timestamp":"2023-03-09T09:29:42.695Z"}
info: AuthController {/auth}: {"context":"RoutesResolver","timestamp":"2023-03-09T09:29:42.696Z"}
info: Mapped {/auth/signin, POST} route {"context":"RouterExplorer","timestamp":"2023-03-09T09:29:42.696Z"}
info: Mapped {/auth/signup, POST} route {"context":"RouterExplorer","timestamp":"2023-03-09T09:29:42.697Z"}
info: RolesController {/roles}: {"context":"RoutesResolver","timestamp":"2023-03-09T09:29:42.697Z"}
info: Mapped {/roles, POST} route {"context":"RouterExplorer","timestamp":"2023-03-09T09:29:42.698Z"}
info: Mapped {/roles, GET} route {"context":"RouterExplorer","timestamp":"2023-03-09T09:29:42.698Z"}
info: Mapped {/roles/:id, GET} route {"context":"RouterExplorer","timestamp":"2023-03-09T09:29:42.699Z"}
info: Mapped {/roles/:id, PATCH} route {"context":"RouterExplorer","timestamp":"2023-03-09T09:29:42.699Z"}
info: Mapped {/roles/:id, DELETE} route {"context":"RouterExplorer","timestamp":"2023-03-09T09:29:42.699Z"}
info: MenusController {/menus}: {"context":"RoutesResolver","timestamp":"2023-03-09T09:29:42.700Z"}
info: Mapped {/menus, POST} route {"context":"RouterExplorer","timestamp":"2023-03-09T09:29:42.702Z"}
info: Mapped {/menus, GET} route {"context":"RouterExplorer","timestamp":"2023-03-09T09:29:42.703Z"}
info: Mapped {/menus/:id, GET} route {"context":"RouterExplorer","timestamp":"2023-03-09T09:29:42.704Z"}
info: Mapped {/menus/:id, PATCH} route {"context":"RouterExplorer","timestamp":"2023-03-09T09:29:42.704Z"}
info: Mapped {/menus/:id, DELETE} route {"context":"RouterExplorer","timestamp":"2023-03-09T09:29:42.704Z"}
info: Nest application successfully started {"context":"NestApplication","timestamp":"2023-03-09T09:29:42.709Z"}
info: UserController init {"timestamp":"2023-03-09T09:30:18.296Z"}
info: UserController {/user}: {"context":"RoutesResolver","timestamp":"2023-03-09T09:30:18.308Z"}
info: Mapped {/user, GET} route {"context":"RouterExplorer","timestamp":"2023-03-09T09:30:18.313Z"}
info: Mapped {/user, POST} route {"context":"RouterExplorer","timestamp":"2023-03-09T09:30:18.314Z"}
info: Mapped {/user/profile, GET} route {"context":"RouterExplorer","timestamp":"2023-03-09T09:30:18.315Z"}
info: Mapped {/user/:id, PATCH} route {"context":"RouterExplorer","timestamp":"2023-03-09T09:30:18.318Z"}
info: Mapped {/user/:id, DELETE} route {"context":"RouterExplorer","timestamp":"2023-03-09T09:30:18.319Z"}
info: Mapped {/user/range, GET} route {"context":"RouterExplorer","timestamp":"2023-03-09T09:30:18.320Z"}
info: Mapped {/user/logs, GET} route {"context":"RouterExplorer","timestamp":"2023-03-09T09:30:18.321Z"}
info: Mapped {/user/logsbygroup, GET} route {"context":"RouterExplorer","timestamp":"2023-03-09T09:30:18.323Z"}
info: Mapped {/user/:id, GET} route {"context":"RouterExplorer","timestamp":"2023-03-09T09:30:18.324Z"}
info: LogsController {/logs}: {"context":"RoutesResolver","timestamp":"2023-03-09T09:30:18.325Z"}
info: Mapped {/logs, GET} route {"context":"RouterExplorer","timestamp":"2023-03-09T09:30:18.326Z"}
info: Mapped {/logs, POST} route {"context":"RouterExplorer","timestamp":"2023-03-09T09:30:18.327Z"}
info: AuthController {/auth}: {"context":"RoutesResolver","timestamp":"2023-03-09T09:30:18.328Z"}
info: Mapped {/auth/signin, POST} route {"context":"RouterExplorer","timestamp":"2023-03-09T09:30:18.329Z"}
info: Mapped {/auth/signup, POST} route {"context":"RouterExplorer","timestamp":"2023-03-09T09:30:18.329Z"}
info: RolesController {/roles}: {"context":"RoutesResolver","timestamp":"2023-03-09T09:30:18.330Z"}
info: Mapped {/roles, POST} route {"context":"RouterExplorer","timestamp":"2023-03-09T09:30:18.331Z"}
info: Mapped {/roles, GET} route {"context":"RouterExplorer","timestamp":"2023-03-09T09:30:18.331Z"}
info: Mapped {/roles/:id, GET} route {"context":"RouterExplorer","timestamp":"2023-03-09T09:30:18.332Z"}
info: Mapped {/roles/:id, PATCH} route {"context":"RouterExplorer","timestamp":"2023-03-09T09:30:18.332Z"}
info: Mapped {/roles/:id, DELETE} route {"context":"RouterExplorer","timestamp":"2023-03-09T09:30:18.333Z"}
info: MenusController {/menus}: {"context":"RoutesResolver","timestamp":"2023-03-09T09:30:18.333Z"}
info: Mapped {/menus, POST} route {"context":"RouterExplorer","timestamp":"2023-03-09T09:30:18.333Z"}
info: Mapped {/menus, GET} route {"context":"RouterExplorer","timestamp":"2023-03-09T09:30:18.333Z"}
info: Mapped {/menus/:id, GET} route {"context":"RouterExplorer","timestamp":"2023-03-09T09:30:18.334Z"}
info: Mapped {/menus/:id, PATCH} route {"context":"RouterExplorer","timestamp":"2023-03-09T09:30:18.334Z"}
info: Mapped {/menus/:id, DELETE} route {"context":"RouterExplorer","timestamp":"2023-03-09T09:30:18.335Z"}
info: Nest application successfully started {"context":"NestApplication","timestamp":"2023-03-09T09:30:18.338Z"}
info: UserController init {"timestamp":"2023-03-09T09:30:52.517Z"}
info: UserController {/user}: {"context":"RoutesResolver","timestamp":"2023-03-09T09:30:52.533Z"}
info: Mapped {/user, GET} route {"context":"RouterExplorer","timestamp":"2023-03-09T09:30:52.537Z"}
info: Mapped {/user, POST} route {"context":"RouterExplorer","timestamp":"2023-03-09T09:30:52.538Z"}
info: Mapped {/user/profile, GET} route {"context":"RouterExplorer","timestamp":"2023-03-09T09:30:52.540Z"}
info: Mapped {/user/:id, PATCH} route {"context":"RouterExplorer","timestamp":"2023-03-09T09:30:52.543Z"}
info: Mapped {/user/:id, DELETE} route {"context":"RouterExplorer","timestamp":"2023-03-09T09:30:52.547Z"}
info: Mapped {/user/range, GET} route {"context":"RouterExplorer","timestamp":"2023-03-09T09:30:52.549Z"}
info: Mapped {/user/logs, GET} route {"context":"RouterExplorer","timestamp":"2023-03-09T09:30:52.551Z"}
info: Mapped {/user/logsbygroup, GET} route {"context":"RouterExplorer","timestamp":"2023-03-09T09:30:52.553Z"}
info: Mapped {/user/:id, GET} route {"context":"RouterExplorer","timestamp":"2023-03-09T09:30:52.557Z"}
info: LogsController {/logs}: {"context":"RoutesResolver","timestamp":"2023-03-09T09:30:52.560Z"}
info: Mapped {/logs, GET} route {"context":"RouterExplorer","timestamp":"2023-03-09T09:30:52.562Z"}
info: Mapped {/logs, POST} route {"context":"RouterExplorer","timestamp":"2023-03-09T09:30:52.565Z"}
info: AuthController {/auth}: {"context":"RoutesResolver","timestamp":"2023-03-09T09:30:52.568Z"}
info: Mapped {/auth/signin, POST} route {"context":"RouterExplorer","timestamp":"2023-03-09T09:30:52.573Z"}
info: Mapped {/auth/signup, POST} route {"context":"RouterExplorer","timestamp":"2023-03-09T09:30:52.574Z"}
info: RolesController {/roles}: {"context":"RoutesResolver","timestamp":"2023-03-09T09:30:52.574Z"}
info: Mapped {/roles, POST} route {"context":"RouterExplorer","timestamp":"2023-03-09T09:30:52.575Z"}
info: Mapped {/roles, GET} route {"context":"RouterExplorer","timestamp":"2023-03-09T09:30:52.576Z"}
info: Mapped {/roles/:id, GET} route {"context":"RouterExplorer","timestamp":"2023-03-09T09:30:52.577Z"}
info: Mapped {/roles/:id, PATCH} route {"context":"RouterExplorer","timestamp":"2023-03-09T09:30:52.578Z"}
info: Mapped {/roles/:id, DELETE} route {"context":"RouterExplorer","timestamp":"2023-03-09T09:30:52.579Z"}
info: MenusController {/menus}: {"context":"RoutesResolver","timestamp":"2023-03-09T09:30:52.580Z"}
info: Mapped {/menus, POST} route {"context":"RouterExplorer","timestamp":"2023-03-09T09:30:52.582Z"}
info: Mapped {/menus, GET} route {"context":"RouterExplorer","timestamp":"2023-03-09T09:30:52.583Z"}
info: Mapped {/menus/:id, GET} route {"context":"RouterExplorer","timestamp":"2023-03-09T09:30:52.585Z"}
info: Mapped {/menus/:id, PATCH} route {"context":"RouterExplorer","timestamp":"2023-03-09T09:30:52.590Z"}
info: Mapped {/menus/:id, DELETE} route {"context":"RouterExplorer","timestamp":"2023-03-09T09:30:52.592Z"}
info: Nest application successfully started {"context":"NestApplication","timestamp":"2023-03-09T09:30:52.608Z"}
info: UserController init {"timestamp":"2023-03-09T09:31:05.705Z"}
info: UserController {/user}: {"context":"RoutesResolver","timestamp":"2023-03-09T09:31:05.716Z"}
info: Mapped {/user, GET} route {"context":"RouterExplorer","timestamp":"2023-03-09T09:31:05.720Z"}
info: Mapped {/user, POST} route {"context":"RouterExplorer","timestamp":"2023-03-09T09:31:05.721Z"}
info: Mapped {/user/profile, GET} route {"context":"RouterExplorer","timestamp":"2023-03-09T09:31:05.722Z"}
info: Mapped {/user/:id, PATCH} route {"context":"RouterExplorer","timestamp":"2023-03-09T09:31:05.723Z"}
info: Mapped {/user/:id, DELETE} route {"context":"RouterExplorer","timestamp":"2023-03-09T09:31:05.723Z"}
info: Mapped {/user/range, GET} route {"context":"RouterExplorer","timestamp":"2023-03-09T09:31:05.724Z"}
info: Mapped {/user/logs, GET} route {"context":"RouterExplorer","timestamp":"2023-03-09T09:31:05.725Z"}
info: Mapped {/user/logsbygroup, GET} route {"context":"RouterExplorer","timestamp":"2023-03-09T09:31:05.726Z"}
info: Mapped {/user/:id, GET} route {"context":"RouterExplorer","timestamp":"2023-03-09T09:31:05.727Z"}
info: LogsController {/logs}: {"context":"RoutesResolver","timestamp":"2023-03-09T09:31:05.727Z"}
info: Mapped {/logs, GET} route {"context":"RouterExplorer","timestamp":"2023-03-09T09:31:05.729Z"}
info: Mapped {/logs, POST} route {"context":"RouterExplorer","timestamp":"2023-03-09T09:31:05.730Z"}
info: AuthController {/auth}: {"context":"RoutesResolver","timestamp":"2023-03-09T09:31:05.731Z"}
info: Mapped {/auth/signin, POST} route {"context":"RouterExplorer","timestamp":"2023-03-09T09:31:05.732Z"}
info: Mapped {/auth/signup, POST} route {"context":"RouterExplorer","timestamp":"2023-03-09T09:31:05.732Z"}
info: RolesController {/roles}: {"context":"RoutesResolver","timestamp":"2023-03-09T09:31:05.733Z"}
info: Mapped {/roles, POST} route {"context":"RouterExplorer","timestamp":"2023-03-09T09:31:05.733Z"}
info: Mapped {/roles, GET} route {"context":"RouterExplorer","timestamp":"2023-03-09T09:31:05.733Z"}
info: Mapped {/roles/:id, GET} route {"context":"RouterExplorer","timestamp":"2023-03-09T09:31:05.734Z"}
info: Mapped {/roles/:id, PATCH} route {"context":"RouterExplorer","timestamp":"2023-03-09T09:31:05.734Z"}
info: Mapped {/roles/:id, DELETE} route {"context":"RouterExplorer","timestamp":"2023-03-09T09:31:05.734Z"}
info: MenusController {/menus}: {"context":"RoutesResolver","timestamp":"2023-03-09T09:31:05.735Z"}
info: Mapped {/menus, POST} route {"context":"RouterExplorer","timestamp":"2023-03-09T09:31:05.735Z"}
info: Mapped {/menus, GET} route {"context":"RouterExplorer","timestamp":"2023-03-09T09:31:05.735Z"}
info: Mapped {/menus/:id, GET} route {"context":"RouterExplorer","timestamp":"2023-03-09T09:31:05.735Z"}
info: Mapped {/menus/:id, PATCH} route {"context":"RouterExplorer","timestamp":"2023-03-09T09:31:05.736Z"}
info: Mapped {/menus/:id, DELETE} route {"context":"RouterExplorer","timestamp":"2023-03-09T09:31:05.736Z"}
info: Nest application successfully started {"context":"NestApplication","timestamp":"2023-03-09T09:31:05.742Z"}
