info: UserController init {"timestamp":"2023-02-23T08:07:10.558Z"}
info: UserController {/user}: {"context":"RoutesResolver","timestamp":"2023-02-23T08:07:10.595Z"}
info: Mapped {/user, GET} route {"context":"RouterExplorer","timestamp":"2023-02-23T08:07:10.598Z"}
info: Mapped {/user, POST} route {"context":"RouterExplorer","timestamp":"2023-02-23T08:07:10.599Z"}
info: Mapped {/user/profile, GET} route {"context":"RouterExplorer","timestamp":"2023-02-23T08:07:10.600Z"}
info: Mapped {/user/:id, PATCH} route {"context":"RouterExplorer","timestamp":"2023-02-23T08:07:10.601Z"}
info: Mapped {/user/:id, DELETE} route {"context":"RouterExplorer","timestamp":"2023-02-23T08:07:10.601Z"}
info: Mapped {/user/range, GET} route {"context":"RouterExplorer","timestamp":"2023-02-23T08:07:10.602Z"}
info: Mapped {/user/logs, GET} route {"context":"RouterExplorer","timestamp":"2023-02-23T08:07:10.602Z"}
info: Mapped {/user/logsbygroup, GET} route {"context":"RouterExplorer","timestamp":"2023-02-23T08:07:10.603Z"}
info: Mapped {/user/:id, GET} route {"context":"RouterExplorer","timestamp":"2023-02-23T08:07:10.604Z"}
info: AuthController {/auth}: {"context":"RoutesResolver","timestamp":"2023-02-23T08:07:10.604Z"}
info: Mapped {/auth/signin, POST} route {"context":"RouterExplorer","timestamp":"2023-02-23T08:07:10.605Z"}
info: Mapped {/auth/signup, POST} route {"context":"RouterExplorer","timestamp":"2023-02-23T08:07:10.605Z"}
info: Nest application successfully started {"context":"NestApplication","timestamp":"2023-02-23T08:07:10.608Z"}
info: UserController init {"timestamp":"2023-02-23T08:08:50.189Z"}
info: UserController {/user}: {"context":"RoutesResolver","timestamp":"2023-02-23T08:08:50.216Z"}
info: Mapped {/user, GET} route {"context":"RouterExplorer","timestamp":"2023-02-23T08:08:50.219Z"}
info: Mapped {/user, POST} route {"context":"RouterExplorer","timestamp":"2023-02-23T08:08:50.220Z"}
info: Mapped {/user/profile, GET} route {"context":"RouterExplorer","timestamp":"2023-02-23T08:08:50.221Z"}
info: Mapped {/user/:id, PATCH} route {"context":"RouterExplorer","timestamp":"2023-02-23T08:08:50.222Z"}
info: Mapped {/user/:id, DELETE} route {"context":"RouterExplorer","timestamp":"2023-02-23T08:08:50.222Z"}
info: Mapped {/user/range, GET} route {"context":"RouterExplorer","timestamp":"2023-02-23T08:08:50.222Z"}
info: Mapped {/user/logs, GET} route {"context":"RouterExplorer","timestamp":"2023-02-23T08:08:50.223Z"}
info: Mapped {/user/logsbygroup, GET} route {"context":"RouterExplorer","timestamp":"2023-02-23T08:08:50.223Z"}
info: Mapped {/user/:id, GET} route {"context":"RouterExplorer","timestamp":"2023-02-23T08:08:50.224Z"}
info: AuthController {/auth}: {"context":"RoutesResolver","timestamp":"2023-02-23T08:08:50.233Z"}
info: Mapped {/auth/signin, POST} route {"context":"RouterExplorer","timestamp":"2023-02-23T08:08:50.234Z"}
info: Mapped {/auth/signup, POST} route {"context":"RouterExplorer","timestamp":"2023-02-23T08:08:50.235Z"}
info: Nest application successfully started {"context":"NestApplication","timestamp":"2023-02-23T08:08:50.237Z"}
info: UserController init {"timestamp":"2023-02-23T08:09:09.617Z"}
info: UserController {/user}: {"context":"RoutesResolver","timestamp":"2023-02-23T08:09:09.639Z"}
info: Mapped {/user, GET} route {"context":"RouterExplorer","timestamp":"2023-02-23T08:09:09.642Z"}
info: Mapped {/user, POST} route {"context":"RouterExplorer","timestamp":"2023-02-23T08:09:09.643Z"}
info: Mapped {/user/profile, GET} route {"context":"RouterExplorer","timestamp":"2023-02-23T08:09:09.643Z"}
info: Mapped {/user/:id, PATCH} route {"context":"RouterExplorer","timestamp":"2023-02-23T08:09:09.644Z"}
info: Mapped {/user/:id, DELETE} route {"context":"RouterExplorer","timestamp":"2023-02-23T08:09:09.645Z"}
info: Mapped {/user/range, GET} route {"context":"RouterExplorer","timestamp":"2023-02-23T08:09:09.645Z"}
info: Mapped {/user/logs, GET} route {"context":"RouterExplorer","timestamp":"2023-02-23T08:09:09.646Z"}
info: Mapped {/user/logsbygroup, GET} route {"context":"RouterExplorer","timestamp":"2023-02-23T08:09:09.646Z"}
info: Mapped {/user/:id, GET} route {"context":"RouterExplorer","timestamp":"2023-02-23T08:09:09.648Z"}
info: AuthController {/auth}: {"context":"RoutesResolver","timestamp":"2023-02-23T08:09:09.648Z"}
info: Mapped {/auth/signin, POST} route {"context":"RouterExplorer","timestamp":"2023-02-23T08:09:09.649Z"}
info: Mapped {/auth/signup, POST} route {"context":"RouterExplorer","timestamp":"2023-02-23T08:09:09.650Z"}
info: Nest application successfully started {"context":"NestApplication","timestamp":"2023-02-23T08:09:09.653Z"}
info: UserController init {"timestamp":"2023-02-23T08:16:24.964Z"}
info: UserController {/user}: {"context":"RoutesResolver","timestamp":"2023-02-23T08:16:24.988Z"}
info: Mapped {/user, GET} route {"context":"RouterExplorer","timestamp":"2023-02-23T08:16:24.991Z"}
info: Mapped {/user, POST} route {"context":"RouterExplorer","timestamp":"2023-02-23T08:16:24.992Z"}
info: Mapped {/user/profile, GET} route {"context":"RouterExplorer","timestamp":"2023-02-23T08:16:24.992Z"}
info: Mapped {/user/:id, PATCH} route {"context":"RouterExplorer","timestamp":"2023-02-23T08:16:24.993Z"}
info: Mapped {/user/:id, DELETE} route {"context":"RouterExplorer","timestamp":"2023-02-23T08:16:24.994Z"}
info: Mapped {/user/range, GET} route {"context":"RouterExplorer","timestamp":"2023-02-23T08:16:24.995Z"}
info: Mapped {/user/logs, GET} route {"context":"RouterExplorer","timestamp":"2023-02-23T08:16:24.995Z"}
info: Mapped {/user/logsbygroup, GET} route {"context":"RouterExplorer","timestamp":"2023-02-23T08:16:24.996Z"}
info: Mapped {/user/:id, GET} route {"context":"RouterExplorer","timestamp":"2023-02-23T08:16:24.998Z"}
info: AuthController {/auth}: {"context":"RoutesResolver","timestamp":"2023-02-23T08:16:24.999Z"}
info: Mapped {/auth/signin, POST} route {"context":"RouterExplorer","timestamp":"2023-02-23T08:16:24.999Z"}
info: Mapped {/auth/signup, POST} route {"context":"RouterExplorer","timestamp":"2023-02-23T08:16:25.000Z"}
info: Nest application successfully started {"context":"NestApplication","timestamp":"2023-02-23T08:16:25.002Z"}
info: UserController init {"timestamp":"2023-02-23T08:43:43.829Z"}
info: UserController {/user}: {"context":"RoutesResolver","timestamp":"2023-02-23T08:43:43.870Z"}
info: Mapped {/user, GET} route {"context":"RouterExplorer","timestamp":"2023-02-23T08:43:43.873Z"}
info: Mapped {/user, POST} route {"context":"RouterExplorer","timestamp":"2023-02-23T08:43:43.873Z"}
info: Mapped {/user/profile, GET} route {"context":"RouterExplorer","timestamp":"2023-02-23T08:43:43.874Z"}
info: Mapped {/user/:id, PATCH} route {"context":"RouterExplorer","timestamp":"2023-02-23T08:43:43.875Z"}
info: Mapped {/user/:id, DELETE} route {"context":"RouterExplorer","timestamp":"2023-02-23T08:43:43.875Z"}
info: Mapped {/user/range, GET} route {"context":"RouterExplorer","timestamp":"2023-02-23T08:43:43.875Z"}
info: Mapped {/user/logs, GET} route {"context":"RouterExplorer","timestamp":"2023-02-23T08:43:43.876Z"}
info: Mapped {/user/logsbygroup, GET} route {"context":"RouterExplorer","timestamp":"2023-02-23T08:43:43.877Z"}
info: Mapped {/user/:id, GET} route {"context":"RouterExplorer","timestamp":"2023-02-23T08:43:43.877Z"}
info: AuthController {/auth}: {"context":"RoutesResolver","timestamp":"2023-02-23T08:43:43.878Z"}
info: Mapped {/auth/signin, POST} route {"context":"RouterExplorer","timestamp":"2023-02-23T08:43:43.879Z"}
info: Mapped {/auth/signup, POST} route {"context":"RouterExplorer","timestamp":"2023-02-23T08:43:43.880Z"}
info: Nest application successfully started {"context":"NestApplication","timestamp":"2023-02-23T08:43:43.883Z"}
