info: UserController init {"timestamp":"2023-02-13T09:37:01.414Z"}
info: UserController {/user}: {"context":"RoutesResolver","timestamp":"2023-02-13T09:37:01.423Z"}
info: Mapped {/user, GET} route {"context":"RouterExplorer","timestamp":"2023-02-13T09:37:01.426Z"}
info: Mapped {/user, POST} route {"context":"RouterExplorer","timestamp":"2023-02-13T09:37:01.427Z"}
info: Mapped {/user/profile, GET} route {"context":"RouterExplorer","timestamp":"2023-02-13T09:37:01.427Z"}
info: Mapped {/user/:id, PATCH} route {"context":"RouterExplorer","timestamp":"2023-02-13T09:37:01.428Z"}
info: Mapped {/user/:id, DELETE} route {"context":"RouterExplorer","timestamp":"2023-02-13T09:37:01.429Z"}
info: Mapped {/user/range, GET} route {"context":"RouterExplorer","timestamp":"2023-02-13T09:37:01.429Z"}
info: Mapped {/user/logs, GET} route {"context":"RouterExplorer","timestamp":"2023-02-13T09:37:01.430Z"}
info: Mapped {/user/logsbygroup, GET} route {"context":"RouterExplorer","timestamp":"2023-02-13T09:37:01.430Z"}
info: Mapped {/user/:id, GET} route {"context":"RouterExplorer","timestamp":"2023-02-13T09:37:01.431Z"}
info: Nest application successfully started {"context":"NestApplication","timestamp":"2023-02-13T09:37:01.434Z"}
info: UserController init {"timestamp":"2023-02-13T09:37:12.428Z"}
info: UserController {/user}: {"context":"RoutesResolver","timestamp":"2023-02-13T09:37:12.434Z"}
info: Mapped {/user, GET} route {"context":"RouterExplorer","timestamp":"2023-02-13T09:37:12.438Z"}
info: Mapped {/user, POST} route {"context":"RouterExplorer","timestamp":"2023-02-13T09:37:12.438Z"}
info: Mapped {/user/profile, GET} route {"context":"RouterExplorer","timestamp":"2023-02-13T09:37:12.439Z"}
info: Mapped {/user/:id, PATCH} route {"context":"RouterExplorer","timestamp":"2023-02-13T09:37:12.440Z"}
info: Mapped {/user/:id, DELETE} route {"context":"RouterExplorer","timestamp":"2023-02-13T09:37:12.441Z"}
info: Mapped {/user/range, GET} route {"context":"RouterExplorer","timestamp":"2023-02-13T09:37:12.441Z"}
info: Mapped {/user/logs, GET} route {"context":"RouterExplorer","timestamp":"2023-02-13T09:37:12.442Z"}
info: Mapped {/user/logsbygroup, GET} route {"context":"RouterExplorer","timestamp":"2023-02-13T09:37:12.442Z"}
info: Mapped {/user/:id, GET} route {"context":"RouterExplorer","timestamp":"2023-02-13T09:37:12.443Z"}
info: Nest application successfully started {"context":"NestApplication","timestamp":"2023-02-13T09:37:12.446Z"}
info: UserController init {"timestamp":"2023-02-13T09:38:47.012Z"}
info: UserController {/user}: {"context":"RoutesResolver","timestamp":"2023-02-13T09:38:47.018Z"}
info: Mapped {/user, GET} route {"context":"RouterExplorer","timestamp":"2023-02-13T09:38:47.020Z"}
info: Mapped {/user, POST} route {"context":"RouterExplorer","timestamp":"2023-02-13T09:38:47.021Z"}
info: Mapped {/user/profile, GET} route {"context":"RouterExplorer","timestamp":"2023-02-13T09:38:47.021Z"}
info: Mapped {/user/:id, PATCH} route {"context":"RouterExplorer","timestamp":"2023-02-13T09:38:47.022Z"}
info: Mapped {/user/:id, DELETE} route {"context":"RouterExplorer","timestamp":"2023-02-13T09:38:47.022Z"}
info: Mapped {/user/range, GET} route {"context":"RouterExplorer","timestamp":"2023-02-13T09:38:47.023Z"}
info: Mapped {/user/logs, GET} route {"context":"RouterExplorer","timestamp":"2023-02-13T09:38:47.023Z"}
info: Mapped {/user/logsbygroup, GET} route {"context":"RouterExplorer","timestamp":"2023-02-13T09:38:47.025Z"}
info: Mapped {/user/:id, GET} route {"context":"RouterExplorer","timestamp":"2023-02-13T09:38:47.026Z"}
info: Nest application successfully started {"context":"NestApplication","timestamp":"2023-02-13T09:38:47.030Z"}
info: UserController init {"timestamp":"2023-02-13T09:38:54.222Z"}
info: UserController {/user}: {"context":"RoutesResolver","timestamp":"2023-02-13T09:38:54.230Z"}
info: Mapped {/user, GET} route {"context":"RouterExplorer","timestamp":"2023-02-13T09:38:54.233Z"}
info: Mapped {/user, POST} route {"context":"RouterExplorer","timestamp":"2023-02-13T09:38:54.234Z"}
info: Mapped {/user/profile, GET} route {"context":"RouterExplorer","timestamp":"2023-02-13T09:38:54.235Z"}
info: Mapped {/user/:id, PATCH} route {"context":"RouterExplorer","timestamp":"2023-02-13T09:38:54.235Z"}
info: Mapped {/user/:id, DELETE} route {"context":"RouterExplorer","timestamp":"2023-02-13T09:38:54.236Z"}
info: Mapped {/user/range, GET} route {"context":"RouterExplorer","timestamp":"2023-02-13T09:38:54.236Z"}
info: Mapped {/user/logs, GET} route {"context":"RouterExplorer","timestamp":"2023-02-13T09:38:54.237Z"}
info: Mapped {/user/logsbygroup, GET} route {"context":"RouterExplorer","timestamp":"2023-02-13T09:38:54.238Z"}
info: Mapped {/user/:id, GET} route {"context":"RouterExplorer","timestamp":"2023-02-13T09:38:54.239Z"}
info: Nest application successfully started {"context":"NestApplication","timestamp":"2023-02-13T09:38:54.245Z"}
info: UserController init {"timestamp":"2023-02-13T09:38:59.379Z"}
info: UserController {/user}: {"context":"RoutesResolver","timestamp":"2023-02-13T09:38:59.385Z"}
info: Mapped {/user, GET} route {"context":"RouterExplorer","timestamp":"2023-02-13T09:38:59.387Z"}
info: Mapped {/user, POST} route {"context":"RouterExplorer","timestamp":"2023-02-13T09:38:59.388Z"}
info: Mapped {/user/profile, GET} route {"context":"RouterExplorer","timestamp":"2023-02-13T09:38:59.388Z"}
info: Mapped {/user/:id, PATCH} route {"context":"RouterExplorer","timestamp":"2023-02-13T09:38:59.389Z"}
info: Mapped {/user/:id, DELETE} route {"context":"RouterExplorer","timestamp":"2023-02-13T09:38:59.390Z"}
info: Mapped {/user/range, GET} route {"context":"RouterExplorer","timestamp":"2023-02-13T09:38:59.390Z"}
info: Mapped {/user/logs, GET} route {"context":"RouterExplorer","timestamp":"2023-02-13T09:38:59.391Z"}
info: Mapped {/user/logsbygroup, GET} route {"context":"RouterExplorer","timestamp":"2023-02-13T09:38:59.391Z"}
info: Mapped {/user/:id, GET} route {"context":"RouterExplorer","timestamp":"2023-02-13T09:38:59.393Z"}
info: Nest application successfully started {"context":"NestApplication","timestamp":"2023-02-13T09:38:59.396Z"}
info: UserController init {"timestamp":"2023-02-13T09:39:14.177Z"}
info: UserController {/user}: {"context":"RoutesResolver","timestamp":"2023-02-13T09:39:14.184Z"}
info: Mapped {/user, GET} route {"context":"RouterExplorer","timestamp":"2023-02-13T09:39:14.187Z"}
info: Mapped {/user, POST} route {"context":"RouterExplorer","timestamp":"2023-02-13T09:39:14.188Z"}
info: Mapped {/user/profile, GET} route {"context":"RouterExplorer","timestamp":"2023-02-13T09:39:14.192Z"}
info: Mapped {/user/:id, PATCH} route {"context":"RouterExplorer","timestamp":"2023-02-13T09:39:14.193Z"}
info: Mapped {/user/:id, DELETE} route {"context":"RouterExplorer","timestamp":"2023-02-13T09:39:14.195Z"}
info: Mapped {/user/range, GET} route {"context":"RouterExplorer","timestamp":"2023-02-13T09:39:14.196Z"}
info: Mapped {/user/logs, GET} route {"context":"RouterExplorer","timestamp":"2023-02-13T09:39:14.197Z"}
info: Mapped {/user/logsbygroup, GET} route {"context":"RouterExplorer","timestamp":"2023-02-13T09:39:14.198Z"}
info: Mapped {/user/:id, GET} route {"context":"RouterExplorer","timestamp":"2023-02-13T09:39:14.203Z"}
info: Nest application successfully started {"context":"NestApplication","timestamp":"2023-02-13T09:39:14.208Z"}
info: UserController init {"timestamp":"2023-02-13T09:39:23.266Z"}
info: UserController {/user}: {"context":"RoutesResolver","timestamp":"2023-02-13T09:39:23.272Z"}
info: Mapped {/user, GET} route {"context":"RouterExplorer","timestamp":"2023-02-13T09:39:23.275Z"}
info: Mapped {/user, POST} route {"context":"RouterExplorer","timestamp":"2023-02-13T09:39:23.276Z"}
info: Mapped {/user/profile, GET} route {"context":"RouterExplorer","timestamp":"2023-02-13T09:39:23.276Z"}
info: Mapped {/user/:id, PATCH} route {"context":"RouterExplorer","timestamp":"2023-02-13T09:39:23.278Z"}
info: Mapped {/user/:id, DELETE} route {"context":"RouterExplorer","timestamp":"2023-02-13T09:39:23.279Z"}
info: Mapped {/user/range, GET} route {"context":"RouterExplorer","timestamp":"2023-02-13T09:39:23.280Z"}
info: Mapped {/user/logs, GET} route {"context":"RouterExplorer","timestamp":"2023-02-13T09:39:23.281Z"}
info: Mapped {/user/logsbygroup, GET} route {"context":"RouterExplorer","timestamp":"2023-02-13T09:39:23.281Z"}
info: Mapped {/user/:id, GET} route {"context":"RouterExplorer","timestamp":"2023-02-13T09:39:23.283Z"}
info: Nest application successfully started {"context":"NestApplication","timestamp":"2023-02-13T09:39:23.286Z"}
info: UserController init {"timestamp":"2023-02-13T09:39:32.280Z"}
info: UserController {/user}: {"context":"RoutesResolver","timestamp":"2023-02-13T09:39:32.287Z"}
info: Mapped {/user, GET} route {"context":"RouterExplorer","timestamp":"2023-02-13T09:39:32.291Z"}
info: Mapped {/user, POST} route {"context":"RouterExplorer","timestamp":"2023-02-13T09:39:32.292Z"}
info: Mapped {/user/profile, GET} route {"context":"RouterExplorer","timestamp":"2023-02-13T09:39:32.293Z"}
info: Mapped {/user/:id, PATCH} route {"context":"RouterExplorer","timestamp":"2023-02-13T09:39:32.294Z"}
info: Mapped {/user/:id, DELETE} route {"context":"RouterExplorer","timestamp":"2023-02-13T09:39:32.294Z"}
info: Mapped {/user/range, GET} route {"context":"RouterExplorer","timestamp":"2023-02-13T09:39:32.295Z"}
info: Mapped {/user/logs, GET} route {"context":"RouterExplorer","timestamp":"2023-02-13T09:39:32.296Z"}
info: Mapped {/user/logsbygroup, GET} route {"context":"RouterExplorer","timestamp":"2023-02-13T09:39:32.297Z"}
info: Mapped {/user/:id, GET} route {"context":"RouterExplorer","timestamp":"2023-02-13T09:39:32.299Z"}
info: Nest application successfully started {"context":"NestApplication","timestamp":"2023-02-13T09:39:32.302Z"}
info: UserController init {"timestamp":"2023-02-13T09:39:41.110Z"}
info: UserController {/user}: {"context":"RoutesResolver","timestamp":"2023-02-13T09:39:41.118Z"}
info: Mapped {/user, GET} route {"context":"RouterExplorer","timestamp":"2023-02-13T09:39:41.122Z"}
info: Mapped {/user, POST} route {"context":"RouterExplorer","timestamp":"2023-02-13T09:39:41.123Z"}
info: Mapped {/user/profile, GET} route {"context":"RouterExplorer","timestamp":"2023-02-13T09:39:41.123Z"}
info: Mapped {/user/:id, PATCH} route {"context":"RouterExplorer","timestamp":"2023-02-13T09:39:41.124Z"}
info: Mapped {/user/:id, DELETE} route {"context":"RouterExplorer","timestamp":"2023-02-13T09:39:41.126Z"}
info: Mapped {/user/range, GET} route {"context":"RouterExplorer","timestamp":"2023-02-13T09:39:41.127Z"}
info: Mapped {/user/logs, GET} route {"context":"RouterExplorer","timestamp":"2023-02-13T09:39:41.127Z"}
info: Mapped {/user/logsbygroup, GET} route {"context":"RouterExplorer","timestamp":"2023-02-13T09:39:41.128Z"}
info: Mapped {/user/:id, GET} route {"context":"RouterExplorer","timestamp":"2023-02-13T09:39:41.129Z"}
info: Nest application successfully started {"context":"NestApplication","timestamp":"2023-02-13T09:39:41.132Z"}
info: UserController init {"timestamp":"2023-02-13T09:41:07.020Z"}
info: UserController {/user}: {"context":"RoutesResolver","timestamp":"2023-02-13T09:41:07.027Z"}
info: Mapped {/user, GET} route {"context":"RouterExplorer","timestamp":"2023-02-13T09:41:07.031Z"}
info: Mapped {/user, POST} route {"context":"RouterExplorer","timestamp":"2023-02-13T09:41:07.031Z"}
info: Mapped {/user/profile, GET} route {"context":"RouterExplorer","timestamp":"2023-02-13T09:41:07.033Z"}
info: Mapped {/user/:id, PATCH} route {"context":"RouterExplorer","timestamp":"2023-02-13T09:41:07.035Z"}
info: Mapped {/user/:id, DELETE} route {"context":"RouterExplorer","timestamp":"2023-02-13T09:41:07.036Z"}
info: Mapped {/user/range, GET} route {"context":"RouterExplorer","timestamp":"2023-02-13T09:41:07.036Z"}
info: Mapped {/user/logs, GET} route {"context":"RouterExplorer","timestamp":"2023-02-13T09:41:07.037Z"}
info: Mapped {/user/logsbygroup, GET} route {"context":"RouterExplorer","timestamp":"2023-02-13T09:41:07.037Z"}
info: Mapped {/user/:id, GET} route {"context":"RouterExplorer","timestamp":"2023-02-13T09:41:07.039Z"}
info: Nest application successfully started {"context":"NestApplication","timestamp":"2023-02-13T09:41:07.042Z"}
info: UserController init {"timestamp":"2023-02-13T09:41:18.004Z"}
info: UserController {/user}: {"context":"RoutesResolver","timestamp":"2023-02-13T09:41:18.010Z"}
info: Mapped {/user, GET} route {"context":"RouterExplorer","timestamp":"2023-02-13T09:41:18.014Z"}
info: Mapped {/user, POST} route {"context":"RouterExplorer","timestamp":"2023-02-13T09:41:18.015Z"}
info: Mapped {/user/profile, GET} route {"context":"RouterExplorer","timestamp":"2023-02-13T09:41:18.017Z"}
info: Mapped {/user/:id, PATCH} route {"context":"RouterExplorer","timestamp":"2023-02-13T09:41:18.019Z"}
info: Mapped {/user/:id, DELETE} route {"context":"RouterExplorer","timestamp":"2023-02-13T09:41:18.020Z"}
info: Mapped {/user/range, GET} route {"context":"RouterExplorer","timestamp":"2023-02-13T09:41:18.020Z"}
info: Mapped {/user/logs, GET} route {"context":"RouterExplorer","timestamp":"2023-02-13T09:41:18.021Z"}
info: Mapped {/user/logsbygroup, GET} route {"context":"RouterExplorer","timestamp":"2023-02-13T09:41:18.022Z"}
info: Mapped {/user/:id, GET} route {"context":"RouterExplorer","timestamp":"2023-02-13T09:41:18.023Z"}
info: Nest application successfully started {"context":"NestApplication","timestamp":"2023-02-13T09:41:18.025Z"}
info: UserController init {"timestamp":"2023-02-13T09:41:33.320Z"}
info: UserController {/user}: {"context":"RoutesResolver","timestamp":"2023-02-13T09:41:33.327Z"}
info: Mapped {/user, GET} route {"context":"RouterExplorer","timestamp":"2023-02-13T09:41:33.331Z"}
info: Mapped {/user, POST} route {"context":"RouterExplorer","timestamp":"2023-02-13T09:41:33.332Z"}
info: Mapped {/user/profile, GET} route {"context":"RouterExplorer","timestamp":"2023-02-13T09:41:33.332Z"}
info: Mapped {/user/:id, PATCH} route {"context":"RouterExplorer","timestamp":"2023-02-13T09:41:33.333Z"}
info: Mapped {/user/:id, DELETE} route {"context":"RouterExplorer","timestamp":"2023-02-13T09:41:33.334Z"}
info: Mapped {/user/range, GET} route {"context":"RouterExplorer","timestamp":"2023-02-13T09:41:33.334Z"}
info: Mapped {/user/logs, GET} route {"context":"RouterExplorer","timestamp":"2023-02-13T09:41:33.335Z"}
info: Mapped {/user/logsbygroup, GET} route {"context":"RouterExplorer","timestamp":"2023-02-13T09:41:33.336Z"}
info: Mapped {/user/:id, GET} route {"context":"RouterExplorer","timestamp":"2023-02-13T09:41:33.337Z"}
info: Nest application successfully started {"context":"NestApplication","timestamp":"2023-02-13T09:41:33.339Z"}
