info: UserController init {"timestamp":"2023-02-15T07:27:45.947Z"}
info: UserController {/user}: {"context":"RoutesResolver","timestamp":"2023-02-15T07:27:45.955Z"}
info: Mapped {/user, GET} route {"context":"RouterExplorer","timestamp":"2023-02-15T07:27:45.957Z"}
info: Mapped {/user, POST} route {"context":"RouterExplorer","timestamp":"2023-02-15T07:27:45.958Z"}
info: Mapped {/user/profile, GET} route {"context":"RouterExplorer","timestamp":"2023-02-15T07:27:45.958Z"}
info: Mapped {/user/:id, PATCH} route {"context":"RouterExplorer","timestamp":"2023-02-15T07:27:45.959Z"}
info: Mapped {/user/:id, DELETE} route {"context":"RouterExplorer","timestamp":"2023-02-15T07:27:45.960Z"}
info: Mapped {/user/range, GET} route {"context":"RouterExplorer","timestamp":"2023-02-15T07:27:45.960Z"}
info: Mapped {/user/logs, GET} route {"context":"RouterExplorer","timestamp":"2023-02-15T07:27:45.961Z"}
info: Mapped {/user/logsbygroup, GET} route {"context":"RouterExplorer","timestamp":"2023-02-15T07:27:45.961Z"}
info: Mapped {/user/:id, GET} route {"context":"RouterExplorer","timestamp":"2023-02-15T07:27:45.962Z"}
info: Nest application successfully started {"context":"NestApplication","timestamp":"2023-02-15T07:27:45.965Z"}
error: ER_NO_DEFAULT_FOR_FIELD: Field 'username' doesn't have a default value {"context":"ExceptionsHandler","stack":["QueryFailedError: ER_NO_DEFAULT_FOR_FIELD: Field 'username' doesn't have a default value\n    at Query.<anonymous> (/Users/kuro/Desktop/project/nestjs-study/src/driver/mysql/MysqlQueryRunner.ts:222:33)\n    at Query.<anonymous> (/Users/kuro/Desktop/project/nestjs-study/node_modules/mysql/lib/Connection.js:526:10)\n    at Query._callback (/Users/kuro/Desktop/project/nestjs-study/node_modules/mysql/lib/Connection.js:488:16)\n    at Query.Sequence.end (/Users/kuro/Desktop/project/nestjs-study/node_modules/mysql/lib/protocol/sequences/Sequence.js:83:24)\n    at Query.ErrorPacket (/Users/kuro/Desktop/project/nestjs-study/node_modules/mysql/lib/protocol/sequences/Query.js:92:8)\n    at Protocol._parsePacket (/Users/kuro/Desktop/project/nestjs-study/node_modules/mysql/lib/protocol/Protocol.js:291:23)\n    at Parser._parsePacket (/Users/kuro/Desktop/project/nestjs-study/node_modules/mysql/lib/protocol/Parser.js:433:10)\n    at Parser.write (/Users/kuro/Desktop/project/nestjs-study/node_modules/mysql/lib/protocol/Parser.js:43:10)\n    at Protocol.write (/Users/kuro/Desktop/project/nestjs-study/node_modules/mysql/lib/protocol/Protocol.js:38:16)\n    at Socket.<anonymous> (/Users/kuro/Desktop/project/nestjs-study/node_modules/mysql/lib/Connection.js:88:28)"],"timestamp":"2023-02-15T07:29:56.950Z"}
error: ER_DUP_ENTRY: Duplicate entry 'kuro' for key 'user.IDX_78a916df40e02a9deb1c4b75ed' {"context":"ExceptionsHandler","stack":["QueryFailedError: ER_DUP_ENTRY: Duplicate entry 'kuro' for key 'user.IDX_78a916df40e02a9deb1c4b75ed'\n    at Query.<anonymous> (/Users/kuro/Desktop/project/nestjs-study/src/driver/mysql/MysqlQueryRunner.ts:222:33)\n    at Query.<anonymous> (/Users/kuro/Desktop/project/nestjs-study/node_modules/mysql/lib/Connection.js:526:10)\n    at Query._callback (/Users/kuro/Desktop/project/nestjs-study/node_modules/mysql/lib/Connection.js:488:16)\n    at Query.Sequence.end (/Users/kuro/Desktop/project/nestjs-study/node_modules/mysql/lib/protocol/sequences/Sequence.js:83:24)\n    at Query.ErrorPacket (/Users/kuro/Desktop/project/nestjs-study/node_modules/mysql/lib/protocol/sequences/Query.js:92:8)\n    at Protocol._parsePacket (/Users/kuro/Desktop/project/nestjs-study/node_modules/mysql/lib/protocol/Protocol.js:291:23)\n    at Parser._parsePacket (/Users/kuro/Desktop/project/nestjs-study/node_modules/mysql/lib/protocol/Parser.js:433:10)\n    at Parser.write (/Users/kuro/Desktop/project/nestjs-study/node_modules/mysql/lib/protocol/Parser.js:43:10)\n    at Protocol.write (/Users/kuro/Desktop/project/nestjs-study/node_modules/mysql/lib/protocol/Protocol.js:38:16)\n    at Socket.<anonymous> (/Users/kuro/Desktop/project/nestjs-study/node_modules/mysql/lib/Connection.js:88:28)"],"timestamp":"2023-02-15T07:30:10.039Z"}
info: UserController init {"timestamp":"2023-02-15T07:31:50.605Z"}
info: UserController {/user}: {"context":"RoutesResolver","timestamp":"2023-02-15T07:31:50.612Z"}
info: Mapped {/user, GET} route {"context":"RouterExplorer","timestamp":"2023-02-15T07:31:50.615Z"}
info: Mapped {/user, POST} route {"context":"RouterExplorer","timestamp":"2023-02-15T07:31:50.616Z"}
info: Mapped {/user/profile, GET} route {"context":"RouterExplorer","timestamp":"2023-02-15T07:31:50.616Z"}
info: Mapped {/user/:id, PATCH} route {"context":"RouterExplorer","timestamp":"2023-02-15T07:31:50.617Z"}
info: Mapped {/user/:id, DELETE} route {"context":"RouterExplorer","timestamp":"2023-02-15T07:31:50.618Z"}
info: Mapped {/user/range, GET} route {"context":"RouterExplorer","timestamp":"2023-02-15T07:31:50.619Z"}
info: Mapped {/user/logs, GET} route {"context":"RouterExplorer","timestamp":"2023-02-15T07:31:50.619Z"}
info: Mapped {/user/logsbygroup, GET} route {"context":"RouterExplorer","timestamp":"2023-02-15T07:31:50.620Z"}
info: Mapped {/user/:id, GET} route {"context":"RouterExplorer","timestamp":"2023-02-15T07:31:50.621Z"}
info: Nest application successfully started {"context":"NestApplication","timestamp":"2023-02-15T07:31:50.623Z"}
info: UserController init {"timestamp":"2023-02-15T07:33:30.533Z"}
info: UserController {/user}: {"context":"RoutesResolver","timestamp":"2023-02-15T07:33:30.538Z"}
info: Mapped {/user, GET} route {"context":"RouterExplorer","timestamp":"2023-02-15T07:33:30.542Z"}
info: Mapped {/user, POST} route {"context":"RouterExplorer","timestamp":"2023-02-15T07:33:30.543Z"}
info: Mapped {/user/profile, GET} route {"context":"RouterExplorer","timestamp":"2023-02-15T07:33:30.544Z"}
info: Mapped {/user/:id, PATCH} route {"context":"RouterExplorer","timestamp":"2023-02-15T07:33:30.545Z"}
info: Mapped {/user/:id, DELETE} route {"context":"RouterExplorer","timestamp":"2023-02-15T07:33:30.545Z"}
info: Mapped {/user/range, GET} route {"context":"RouterExplorer","timestamp":"2023-02-15T07:33:30.545Z"}
info: Mapped {/user/logs, GET} route {"context":"RouterExplorer","timestamp":"2023-02-15T07:33:30.546Z"}
info: Mapped {/user/logsbygroup, GET} route {"context":"RouterExplorer","timestamp":"2023-02-15T07:33:30.547Z"}
info: Mapped {/user/:id, GET} route {"context":"RouterExplorer","timestamp":"2023-02-15T07:33:30.548Z"}
info: Nest application successfully started {"context":"NestApplication","timestamp":"2023-02-15T07:33:30.550Z"}
info: UserController init {"timestamp":"2023-02-15T07:37:04.400Z"}
info: UserController {/user}: {"context":"RoutesResolver","timestamp":"2023-02-15T07:37:04.408Z"}
info: Mapped {/user, GET} route {"context":"RouterExplorer","timestamp":"2023-02-15T07:37:04.411Z"}
info: Mapped {/user, POST} route {"context":"RouterExplorer","timestamp":"2023-02-15T07:37:04.411Z"}
info: Mapped {/user/profile, GET} route {"context":"RouterExplorer","timestamp":"2023-02-15T07:37:04.412Z"}
info: Mapped {/user/:id, PATCH} route {"context":"RouterExplorer","timestamp":"2023-02-15T07:37:04.413Z"}
info: Mapped {/user/:id, DELETE} route {"context":"RouterExplorer","timestamp":"2023-02-15T07:37:04.413Z"}
info: Mapped {/user/range, GET} route {"context":"RouterExplorer","timestamp":"2023-02-15T07:37:04.414Z"}
info: Mapped {/user/logs, GET} route {"context":"RouterExplorer","timestamp":"2023-02-15T07:37:04.414Z"}
info: Mapped {/user/logsbygroup, GET} route {"context":"RouterExplorer","timestamp":"2023-02-15T07:37:04.415Z"}
info: Mapped {/user/:id, GET} route {"context":"RouterExplorer","timestamp":"2023-02-15T07:37:04.415Z"}
info: Nest application successfully started {"context":"NestApplication","timestamp":"2023-02-15T07:37:04.419Z"}
info: UserController init {"timestamp":"2023-02-15T07:37:40.960Z"}
info: UserController {/user}: {"context":"RoutesResolver","timestamp":"2023-02-15T07:37:40.967Z"}
info: Mapped {/user, GET} route {"context":"RouterExplorer","timestamp":"2023-02-15T07:37:40.969Z"}
info: Mapped {/user, POST} route {"context":"RouterExplorer","timestamp":"2023-02-15T07:37:40.970Z"}
info: Mapped {/user/profile, GET} route {"context":"RouterExplorer","timestamp":"2023-02-15T07:37:40.970Z"}
info: Mapped {/user/:id, PATCH} route {"context":"RouterExplorer","timestamp":"2023-02-15T07:37:40.971Z"}
info: Mapped {/user/:id, DELETE} route {"context":"RouterExplorer","timestamp":"2023-02-15T07:37:40.972Z"}
info: Mapped {/user/range, GET} route {"context":"RouterExplorer","timestamp":"2023-02-15T07:37:40.973Z"}
info: Mapped {/user/logs, GET} route {"context":"RouterExplorer","timestamp":"2023-02-15T07:37:40.974Z"}
info: Mapped {/user/logsbygroup, GET} route {"context":"RouterExplorer","timestamp":"2023-02-15T07:37:40.974Z"}
info: Mapped {/user/:id, GET} route {"context":"RouterExplorer","timestamp":"2023-02-15T07:37:40.975Z"}
info: Nest application successfully started {"context":"NestApplication","timestamp":"2023-02-15T07:37:40.978Z"}
info: UserController init {"timestamp":"2023-02-15T07:38:00.378Z"}
info: UserController {/user}: {"context":"RoutesResolver","timestamp":"2023-02-15T07:38:00.385Z"}
info: Mapped {/user, GET} route {"context":"RouterExplorer","timestamp":"2023-02-15T07:38:00.388Z"}
info: Mapped {/user, POST} route {"context":"RouterExplorer","timestamp":"2023-02-15T07:38:00.388Z"}
info: Mapped {/user/profile, GET} route {"context":"RouterExplorer","timestamp":"2023-02-15T07:38:00.389Z"}
info: Mapped {/user/:id, PATCH} route {"context":"RouterExplorer","timestamp":"2023-02-15T07:38:00.390Z"}
info: Mapped {/user/:id, DELETE} route {"context":"RouterExplorer","timestamp":"2023-02-15T07:38:00.391Z"}
info: Mapped {/user/range, GET} route {"context":"RouterExplorer","timestamp":"2023-02-15T07:38:00.392Z"}
info: Mapped {/user/logs, GET} route {"context":"RouterExplorer","timestamp":"2023-02-15T07:38:00.392Z"}
info: Mapped {/user/logsbygroup, GET} route {"context":"RouterExplorer","timestamp":"2023-02-15T07:38:00.393Z"}
info: Mapped {/user/:id, GET} route {"context":"RouterExplorer","timestamp":"2023-02-15T07:38:00.395Z"}
info: Nest application successfully started {"context":"NestApplication","timestamp":"2023-02-15T07:38:00.398Z"}
error: [kuro] {"stack":[{"body":{"password":"123456","username":"kuro2"},"error":"Duplicate entry 'kuro2' for key 'user.IDX_78a916df40e02a9deb1c4b75ed'","exception":"HttpException","headers":{"accept":"*/*","accept-encoding":"gzip, deflate, br","connection":"keep-alive","content-length":"51","content-type":"application/json","host":"127.0.0.1:3000","postman-token":"ba995387-0a9d-4412-8a12-e159edf22ba8","user-agent":"PostmanRuntime/7.26.8"},"ip":"::ffff:127.0.0.1","params":{},"query":{},"timestamp":"2023-02-15T07:39:24.080Z"}],"timestamp":"2023-02-15T07:39:24.082Z"}
info: UserController init {"timestamp":"2023-02-15T07:50:06.046Z"}
info: UserController {/user}: {"context":"RoutesResolver","timestamp":"2023-02-15T07:50:06.076Z"}
info: Mapped {/user, GET} route {"context":"RouterExplorer","timestamp":"2023-02-15T07:50:06.081Z"}
info: Mapped {/user, POST} route {"context":"RouterExplorer","timestamp":"2023-02-15T07:50:06.085Z"}
info: Mapped {/user/profile, GET} route {"context":"RouterExplorer","timestamp":"2023-02-15T07:50:06.087Z"}
info: Mapped {/user/:id, PATCH} route {"context":"RouterExplorer","timestamp":"2023-02-15T07:50:06.088Z"}
info: Mapped {/user/:id, DELETE} route {"context":"RouterExplorer","timestamp":"2023-02-15T07:50:06.089Z"}
info: Mapped {/user/range, GET} route {"context":"RouterExplorer","timestamp":"2023-02-15T07:50:06.090Z"}
info: Mapped {/user/logs, GET} route {"context":"RouterExplorer","timestamp":"2023-02-15T07:50:06.092Z"}
info: Mapped {/user/logsbygroup, GET} route {"context":"RouterExplorer","timestamp":"2023-02-15T07:50:06.093Z"}
info: Mapped {/user/:id, GET} route {"context":"RouterExplorer","timestamp":"2023-02-15T07:50:06.094Z"}
info: Nest application successfully started {"context":"NestApplication","timestamp":"2023-02-15T07:50:06.101Z"}
info: UserController init {"timestamp":"2023-02-15T07:52:09.495Z"}
info: UserController {/user}: {"context":"RoutesResolver","timestamp":"2023-02-15T07:52:09.502Z"}
info: Mapped {/user, GET} route {"context":"RouterExplorer","timestamp":"2023-02-15T07:52:09.506Z"}
info: Mapped {/user, POST} route {"context":"RouterExplorer","timestamp":"2023-02-15T07:52:09.507Z"}
info: Mapped {/user/profile, GET} route {"context":"RouterExplorer","timestamp":"2023-02-15T07:52:09.512Z"}
info: Mapped {/user/:id, PATCH} route {"context":"RouterExplorer","timestamp":"2023-02-15T07:52:09.516Z"}
info: Mapped {/user/:id, DELETE} route {"context":"RouterExplorer","timestamp":"2023-02-15T07:52:09.519Z"}
info: Mapped {/user/range, GET} route {"context":"RouterExplorer","timestamp":"2023-02-15T07:52:09.527Z"}
info: Mapped {/user/logs, GET} route {"context":"RouterExplorer","timestamp":"2023-02-15T07:52:09.529Z"}
info: Mapped {/user/logsbygroup, GET} route {"context":"RouterExplorer","timestamp":"2023-02-15T07:52:09.530Z"}
info: Mapped {/user/:id, GET} route {"context":"RouterExplorer","timestamp":"2023-02-15T07:52:09.532Z"}
info: Nest application successfully started {"context":"NestApplication","timestamp":"2023-02-15T07:52:09.542Z"}
error: [kuro] {"stack":[{"body":{"password":"123456","username":"kuro2"},"error":"Duplicate entry 'kuro2' for key 'user.IDX_78a916df40e02a9deb1c4b75ed'","exception":"HttpException","headers":{"accept":"*/*","accept-encoding":"gzip, deflate, br","connection":"keep-alive","content-length":"51","content-type":"application/json","host":"127.0.0.1:3000","postman-token":"30f17ed3-b3d4-4f6c-b91a-572a6d9c22e1","user-agent":"PostmanRuntime/7.26.8"},"ip":"::ffff:127.0.0.1","params":{},"query":{},"timestamp":"2023-02-15T07:52:11.189Z"}],"timestamp":"2023-02-15T07:52:11.190Z"}
info: UserController init {"timestamp":"2023-02-15T07:52:21.432Z"}
info: UserController {/user}: {"context":"RoutesResolver","timestamp":"2023-02-15T07:52:21.439Z"}
info: Mapped {/user, GET} route {"context":"RouterExplorer","timestamp":"2023-02-15T07:52:21.442Z"}
info: Mapped {/user, POST} route {"context":"RouterExplorer","timestamp":"2023-02-15T07:52:21.443Z"}
info: Mapped {/user/profile, GET} route {"context":"RouterExplorer","timestamp":"2023-02-15T07:52:21.444Z"}
info: Mapped {/user/:id, PATCH} route {"context":"RouterExplorer","timestamp":"2023-02-15T07:52:21.445Z"}
info: Mapped {/user/:id, DELETE} route {"context":"RouterExplorer","timestamp":"2023-02-15T07:52:21.445Z"}
info: Mapped {/user/range, GET} route {"context":"RouterExplorer","timestamp":"2023-02-15T07:52:21.446Z"}
info: Mapped {/user/logs, GET} route {"context":"RouterExplorer","timestamp":"2023-02-15T07:52:21.447Z"}
info: Mapped {/user/logsbygroup, GET} route {"context":"RouterExplorer","timestamp":"2023-02-15T07:52:21.447Z"}
info: Mapped {/user/:id, GET} route {"context":"RouterExplorer","timestamp":"2023-02-15T07:52:21.448Z"}
info: Nest application successfully started {"context":"NestApplication","timestamp":"2023-02-15T07:52:21.450Z"}
error: [kuro] {"stack":[{"body":{"password":"123456","username":"kuro2"},"error":"Duplicate entry 'kuro2' for key 'user.IDX_78a916df40e02a9deb1c4b75ed'","exception":"HttpException","headers":{"accept":"*/*","accept-encoding":"gzip, deflate, br","connection":"keep-alive","content-length":"51","content-type":"application/json","host":"127.0.0.1:3000","postman-token":"9b022019-2aa3-4871-abc5-5d2ab84c1c7c","user-agent":"PostmanRuntime/7.26.8"},"ip":"::ffff:127.0.0.1","params":{},"query":{},"timestamp":"2023-02-15T07:52:22.625Z"}],"timestamp":"2023-02-15T07:52:22.627Z"}
error: [kuro] {"stack":[{"body":{"password":"123456","username":"kuro2"},"error":"Duplicate entry 'kuro2' for key 'user.IDX_78a916df40e02a9deb1c4b75ed'","exception":"HttpException","headers":{"accept":"*/*","accept-encoding":"gzip, deflate, br","connection":"keep-alive","content-length":"51","content-type":"application/json","host":"127.0.0.1:3000","postman-token":"6107d889-715f-4936-be11-85ce50163deb","user-agent":"PostmanRuntime/7.26.8"},"ip":"::ffff:127.0.0.1","params":{},"query":{},"timestamp":"2023-02-15T07:55:40.072Z"}],"timestamp":"2023-02-15T07:55:40.073Z"}
