info: UserController init {"timestamp":"2023-02-16T03:10:26.388Z"}
info: UserController {/user}: {"context":"RoutesResolver","timestamp":"2023-02-16T03:10:26.397Z"}
info: Mapped {/user, GET} route {"context":"RouterExplorer","timestamp":"2023-02-16T03:10:26.401Z"}
info: Mapped {/user, POST} route {"context":"RouterExplorer","timestamp":"2023-02-16T03:10:26.401Z"}
info: Mapped {/user/profile, GET} route {"context":"RouterExplorer","timestamp":"2023-02-16T03:10:26.403Z"}
info: Mapped {/user/:id, PATCH} route {"context":"RouterExplorer","timestamp":"2023-02-16T03:10:26.405Z"}
info: Mapped {/user/:id, DELETE} route {"context":"RouterExplorer","timestamp":"2023-02-16T03:10:26.405Z"}
info: Mapped {/user/range, GET} route {"context":"RouterExplorer","timestamp":"2023-02-16T03:10:26.406Z"}
info: Mapped {/user/logs, GET} route {"context":"RouterExplorer","timestamp":"2023-02-16T03:10:26.407Z"}
info: Mapped {/user/logsbygroup, GET} route {"context":"RouterExplorer","timestamp":"2023-02-16T03:10:26.407Z"}
info: Mapped {/user/:id, GET} route {"context":"RouterExplorer","timestamp":"2023-02-16T03:10:26.409Z"}
info: Nest application successfully started {"context":"NestApplication","timestamp":"2023-02-16T03:10:26.412Z"}
info: UserController init {"timestamp":"2023-02-16T03:27:56.077Z"}
info: UserController {/user}: {"context":"RoutesResolver","timestamp":"2023-02-16T03:27:56.084Z"}
info: Mapped {/user, GET} route {"context":"RouterExplorer","timestamp":"2023-02-16T03:27:56.088Z"}
info: Mapped {/user, POST} route {"context":"RouterExplorer","timestamp":"2023-02-16T03:27:56.089Z"}
info: Mapped {/user/profile, GET} route {"context":"RouterExplorer","timestamp":"2023-02-16T03:27:56.089Z"}
info: Mapped {/user/:id, PATCH} route {"context":"RouterExplorer","timestamp":"2023-02-16T03:27:56.090Z"}
info: Mapped {/user/:id, DELETE} route {"context":"RouterExplorer","timestamp":"2023-02-16T03:27:56.091Z"}
info: Mapped {/user/range, GET} route {"context":"RouterExplorer","timestamp":"2023-02-16T03:27:56.091Z"}
info: Mapped {/user/logs, GET} route {"context":"RouterExplorer","timestamp":"2023-02-16T03:27:56.093Z"}
info: Mapped {/user/logsbygroup, GET} route {"context":"RouterExplorer","timestamp":"2023-02-16T03:27:56.094Z"}
info: Mapped {/user/:id, GET} route {"context":"RouterExplorer","timestamp":"2023-02-16T03:27:56.095Z"}
info: Nest application successfully started {"context":"NestApplication","timestamp":"2023-02-16T03:27:56.099Z"}
info: UserController init {"timestamp":"2023-02-16T03:28:55.375Z"}
info: UserController {/user}: {"context":"RoutesResolver","timestamp":"2023-02-16T03:28:55.381Z"}
info: Mapped {/user, GET} route {"context":"RouterExplorer","timestamp":"2023-02-16T03:28:55.384Z"}
info: Mapped {/user, POST} route {"context":"RouterExplorer","timestamp":"2023-02-16T03:28:55.385Z"}
info: Mapped {/user/profile, GET} route {"context":"RouterExplorer","timestamp":"2023-02-16T03:28:55.385Z"}
info: Mapped {/user/:id, PATCH} route {"context":"RouterExplorer","timestamp":"2023-02-16T03:28:55.387Z"}
info: Mapped {/user/:id, DELETE} route {"context":"RouterExplorer","timestamp":"2023-02-16T03:28:55.388Z"}
info: Mapped {/user/range, GET} route {"context":"RouterExplorer","timestamp":"2023-02-16T03:28:55.388Z"}
info: Mapped {/user/logs, GET} route {"context":"RouterExplorer","timestamp":"2023-02-16T03:28:55.389Z"}
info: Mapped {/user/logsbygroup, GET} route {"context":"RouterExplorer","timestamp":"2023-02-16T03:28:55.389Z"}
info: Mapped {/user/:id, GET} route {"context":"RouterExplorer","timestamp":"2023-02-16T03:28:55.390Z"}
info: Nest application successfully started {"context":"NestApplication","timestamp":"2023-02-16T03:28:55.393Z"}
info: UserController init {"timestamp":"2023-02-16T03:29:11.071Z"}
info: UserController {/user}: {"context":"RoutesResolver","timestamp":"2023-02-16T03:29:11.078Z"}
info: Mapped {/user, GET} route {"context":"RouterExplorer","timestamp":"2023-02-16T03:29:11.081Z"}
info: Mapped {/user, POST} route {"context":"RouterExplorer","timestamp":"2023-02-16T03:29:11.082Z"}
info: Mapped {/user/profile, GET} route {"context":"RouterExplorer","timestamp":"2023-02-16T03:29:11.083Z"}
info: Mapped {/user/:id, PATCH} route {"context":"RouterExplorer","timestamp":"2023-02-16T03:29:11.084Z"}
info: Mapped {/user/:id, DELETE} route {"context":"RouterExplorer","timestamp":"2023-02-16T03:29:11.085Z"}
info: Mapped {/user/range, GET} route {"context":"RouterExplorer","timestamp":"2023-02-16T03:29:11.086Z"}
info: Mapped {/user/logs, GET} route {"context":"RouterExplorer","timestamp":"2023-02-16T03:29:11.086Z"}
info: Mapped {/user/logsbygroup, GET} route {"context":"RouterExplorer","timestamp":"2023-02-16T03:29:11.087Z"}
info: Mapped {/user/:id, GET} route {"context":"RouterExplorer","timestamp":"2023-02-16T03:29:11.088Z"}
info: Nest application successfully started {"context":"NestApplication","timestamp":"2023-02-16T03:29:11.090Z"}
