info: UserController init {"timestamp":"2023-02-13T02:16:06.345Z"}
info: UserController {/user}: {"context":"RoutesResolver","timestamp":"2023-02-13T02:16:06.353Z"}
info: Mapped {/user/:id, GET} route {"context":"RouterExplorer","timestamp":"2023-02-13T02:16:06.358Z"}
info: Mapped {/user, GET} route {"context":"RouterExplorer","timestamp":"2023-02-13T02:16:06.359Z"}
info: Mapped {/user, POST} route {"context":"RouterExplorer","timestamp":"2023-02-13T02:16:06.360Z"}
info: Mapped {/user/range, GET} route {"context":"RouterExplorer","timestamp":"2023-02-13T02:16:06.360Z"}
info: Mapped {/user/profile, GET} route {"context":"RouterExplorer","timestamp":"2023-02-13T02:16:06.361Z"}
info: Mapped {/user/logs, GET} route {"context":"RouterExplorer","timestamp":"2023-02-13T02:16:06.361Z"}
info: Mapped {/user/logsbygroup, GET} route {"context":"RouterExplorer","timestamp":"2023-02-13T02:16:06.362Z"}
info: Nest application successfully started {"context":"NestApplication","timestamp":"2023-02-13T02:16:06.367Z"}
info: request /getUsers {"timestamp":"2023-02-13T02:17:50.757Z"}
warn: request /getUsers {"timestamp":"2023-02-13T02:17:50.759Z"}
error: request /getUsers {"stack":[null],"timestamp":"2023-02-13T02:17:50.760Z"}
info: UserController init {"timestamp":"2023-02-13T02:20:30.325Z"}
info: UserController {/user}: {"context":"RoutesResolver","timestamp":"2023-02-13T02:20:30.332Z"}
info: Mapped {/user/:id, GET} route {"context":"RouterExplorer","timestamp":"2023-02-13T02:20:30.334Z"}
info: Mapped {/user, GET} route {"context":"RouterExplorer","timestamp":"2023-02-13T02:20:30.335Z"}
info: Mapped {/user, POST} route {"context":"RouterExplorer","timestamp":"2023-02-13T02:20:30.336Z"}
info: Mapped {/user/range, GET} route {"context":"RouterExplorer","timestamp":"2023-02-13T02:20:30.337Z"}
info: Mapped {/user/profile, GET} route {"context":"RouterExplorer","timestamp":"2023-02-13T02:20:30.338Z"}
info: Mapped {/user/logs, GET} route {"context":"RouterExplorer","timestamp":"2023-02-13T02:20:30.338Z"}
info: Mapped {/user/logsbygroup, GET} route {"context":"RouterExplorer","timestamp":"2023-02-13T02:20:30.339Z"}
info: Nest application successfully started {"context":"NestApplication","timestamp":"2023-02-13T02:20:30.342Z"}
info: UserController init {"timestamp":"2023-02-13T02:20:56.079Z"}
info: UserController {/user}: {"context":"RoutesResolver","timestamp":"2023-02-13T02:20:56.087Z"}
info: Mapped {/user/:id, GET} route {"context":"RouterExplorer","timestamp":"2023-02-13T02:20:56.091Z"}
info: Mapped {/user, GET} route {"context":"RouterExplorer","timestamp":"2023-02-13T02:20:56.091Z"}
info: Mapped {/user, POST} route {"context":"RouterExplorer","timestamp":"2023-02-13T02:20:56.093Z"}
info: Mapped {/user/:id, PATCH} route {"context":"RouterExplorer","timestamp":"2023-02-13T02:20:56.095Z"}
info: Mapped {/user/range, GET} route {"context":"RouterExplorer","timestamp":"2023-02-13T02:20:56.096Z"}
info: Mapped {/user/profile, GET} route {"context":"RouterExplorer","timestamp":"2023-02-13T02:20:56.096Z"}
info: Mapped {/user/logs, GET} route {"context":"RouterExplorer","timestamp":"2023-02-13T02:20:56.098Z"}
info: Mapped {/user/logsbygroup, GET} route {"context":"RouterExplorer","timestamp":"2023-02-13T02:20:56.099Z"}
info: Nest application successfully started {"context":"NestApplication","timestamp":"2023-02-13T02:20:56.103Z"}
info: UserController init {"timestamp":"2023-02-13T02:21:29.208Z"}
info: UserController {/user}: {"context":"RoutesResolver","timestamp":"2023-02-13T02:21:29.214Z"}
info: Mapped {/user/:id, GET} route {"context":"RouterExplorer","timestamp":"2023-02-13T02:21:29.216Z"}
info: Mapped {/user, GET} route {"context":"RouterExplorer","timestamp":"2023-02-13T02:21:29.217Z"}
info: Mapped {/user, POST} route {"context":"RouterExplorer","timestamp":"2023-02-13T02:21:29.218Z"}
info: Mapped {/user/:id, PATCH} route {"context":"RouterExplorer","timestamp":"2023-02-13T02:21:29.220Z"}
info: Mapped {/user/range, GET} route {"context":"RouterExplorer","timestamp":"2023-02-13T02:21:29.220Z"}
info: Mapped {/user/profile, GET} route {"context":"RouterExplorer","timestamp":"2023-02-13T02:21:29.221Z"}
info: Mapped {/user/logs, GET} route {"context":"RouterExplorer","timestamp":"2023-02-13T02:21:29.223Z"}
info: Mapped {/user/logsbygroup, GET} route {"context":"RouterExplorer","timestamp":"2023-02-13T02:21:29.226Z"}
info: Nest application successfully started {"context":"NestApplication","timestamp":"2023-02-13T02:21:29.230Z"}
info: UserController init {"timestamp":"2023-02-13T02:23:02.627Z"}
info: UserController {/user}: {"context":"RoutesResolver","timestamp":"2023-02-13T02:23:02.633Z"}
info: Mapped {/user/:id, GET} route {"context":"RouterExplorer","timestamp":"2023-02-13T02:23:02.635Z"}
info: Mapped {/user, GET} route {"context":"RouterExplorer","timestamp":"2023-02-13T02:23:02.636Z"}
info: Mapped {/user, POST} route {"context":"RouterExplorer","timestamp":"2023-02-13T02:23:02.636Z"}
info: Mapped {/user/:id, PATCH} route {"context":"RouterExplorer","timestamp":"2023-02-13T02:23:02.637Z"}
info: Mapped {/user/range, GET} route {"context":"RouterExplorer","timestamp":"2023-02-13T02:23:02.637Z"}
info: Mapped {/user/profile, GET} route {"context":"RouterExplorer","timestamp":"2023-02-13T02:23:02.638Z"}
info: Mapped {/user/logs, GET} route {"context":"RouterExplorer","timestamp":"2023-02-13T02:23:02.638Z"}
info: Mapped {/user/logsbygroup, GET} route {"context":"RouterExplorer","timestamp":"2023-02-13T02:23:02.639Z"}
info: Nest application successfully started {"context":"NestApplication","timestamp":"2023-02-13T02:23:02.641Z"}
info: UserController init {"timestamp":"2023-02-13T02:23:45.872Z"}
info: UserController {/user}: {"context":"RoutesResolver","timestamp":"2023-02-13T02:23:45.879Z"}
info: Mapped {/user/:id, GET} route {"context":"RouterExplorer","timestamp":"2023-02-13T02:23:45.881Z"}
info: Mapped {/user, GET} route {"context":"RouterExplorer","timestamp":"2023-02-13T02:23:45.882Z"}
info: Mapped {/user, POST} route {"context":"RouterExplorer","timestamp":"2023-02-13T02:23:45.883Z"}
info: Mapped {/user/:id, PATCH} route {"context":"RouterExplorer","timestamp":"2023-02-13T02:23:45.883Z"}
info: Mapped {/user/:id, DELETE} route {"context":"RouterExplorer","timestamp":"2023-02-13T02:23:45.884Z"}
info: Mapped {/user/range, GET} route {"context":"RouterExplorer","timestamp":"2023-02-13T02:23:45.884Z"}
info: Mapped {/user/profile, GET} route {"context":"RouterExplorer","timestamp":"2023-02-13T02:23:45.885Z"}
info: Mapped {/user/logs, GET} route {"context":"RouterExplorer","timestamp":"2023-02-13T02:23:45.885Z"}
info: Mapped {/user/logsbygroup, GET} route {"context":"RouterExplorer","timestamp":"2023-02-13T02:23:45.886Z"}
info: Nest application successfully started {"context":"NestApplication","timestamp":"2023-02-13T02:23:45.890Z"}
info: UserController init {"timestamp":"2023-02-13T02:24:24.421Z"}
info: UserController {/user}: {"context":"RoutesResolver","timestamp":"2023-02-13T02:24:24.427Z"}
info: Mapped {/user/:id, GET} route {"context":"RouterExplorer","timestamp":"2023-02-13T02:24:24.429Z"}
info: Mapped {/user, GET} route {"context":"RouterExplorer","timestamp":"2023-02-13T02:24:24.430Z"}
info: Mapped {/user, POST} route {"context":"RouterExplorer","timestamp":"2023-02-13T02:24:24.430Z"}
info: Mapped {/user/:id, PATCH} route {"context":"RouterExplorer","timestamp":"2023-02-13T02:24:24.431Z"}
info: Mapped {/user/:id, DELETE} route {"context":"RouterExplorer","timestamp":"2023-02-13T02:24:24.431Z"}
info: Mapped {/user/range, GET} route {"context":"RouterExplorer","timestamp":"2023-02-13T02:24:24.432Z"}
info: Mapped {/user/profile, GET} route {"context":"RouterExplorer","timestamp":"2023-02-13T02:24:24.432Z"}
info: Mapped {/user/logs, GET} route {"context":"RouterExplorer","timestamp":"2023-02-13T02:24:24.433Z"}
info: Mapped {/user/logsbygroup, GET} route {"context":"RouterExplorer","timestamp":"2023-02-13T02:24:24.433Z"}
info: Nest application successfully started {"context":"NestApplication","timestamp":"2023-02-13T02:24:24.436Z"}
info: UserController init {"timestamp":"2023-02-13T02:24:28.115Z"}
info: UserController {/user}: {"context":"RoutesResolver","timestamp":"2023-02-13T02:24:28.121Z"}
info: Mapped {/user/:id, GET} route {"context":"RouterExplorer","timestamp":"2023-02-13T02:24:28.124Z"}
info: Mapped {/user, GET} route {"context":"RouterExplorer","timestamp":"2023-02-13T02:24:28.124Z"}
info: Mapped {/user, POST} route {"context":"RouterExplorer","timestamp":"2023-02-13T02:24:28.125Z"}
info: Mapped {/user/:id, PATCH} route {"context":"RouterExplorer","timestamp":"2023-02-13T02:24:28.126Z"}
info: Mapped {/user/:id, DELETE} route {"context":"RouterExplorer","timestamp":"2023-02-13T02:24:28.126Z"}
info: Mapped {/user/range, GET} route {"context":"RouterExplorer","timestamp":"2023-02-13T02:24:28.127Z"}
info: Mapped {/user/profile, GET} route {"context":"RouterExplorer","timestamp":"2023-02-13T02:24:28.127Z"}
info: Mapped {/user/logs, GET} route {"context":"RouterExplorer","timestamp":"2023-02-13T02:24:28.128Z"}
info: Mapped {/user/logsbygroup, GET} route {"context":"RouterExplorer","timestamp":"2023-02-13T02:24:28.129Z"}
info: Nest application successfully started {"context":"NestApplication","timestamp":"2023-02-13T02:24:28.131Z"}
info: UserController init {"timestamp":"2023-02-13T02:24:43.429Z"}
info: UserController {/user}: {"context":"RoutesResolver","timestamp":"2023-02-13T02:24:43.434Z"}
info: Mapped {/user/:id, GET} route {"context":"RouterExplorer","timestamp":"2023-02-13T02:24:43.437Z"}
info: Mapped {/user, GET} route {"context":"RouterExplorer","timestamp":"2023-02-13T02:24:43.438Z"}
info: Mapped {/user, POST} route {"context":"RouterExplorer","timestamp":"2023-02-13T02:24:43.438Z"}
info: Mapped {/user/:id, PATCH} route {"context":"RouterExplorer","timestamp":"2023-02-13T02:24:43.439Z"}
info: Mapped {/user/:id, DELETE} route {"context":"RouterExplorer","timestamp":"2023-02-13T02:24:43.439Z"}
info: Mapped {/user/range, GET} route {"context":"RouterExplorer","timestamp":"2023-02-13T02:24:43.440Z"}
info: Mapped {/user/profile, GET} route {"context":"RouterExplorer","timestamp":"2023-02-13T02:24:43.440Z"}
info: Mapped {/user/logs, GET} route {"context":"RouterExplorer","timestamp":"2023-02-13T02:24:43.441Z"}
info: Mapped {/user/logsbygroup, GET} route {"context":"RouterExplorer","timestamp":"2023-02-13T02:24:43.442Z"}
info: Nest application successfully started {"context":"NestApplication","timestamp":"2023-02-13T02:24:43.444Z"}
info: UserController init {"timestamp":"2023-02-13T02:24:47.967Z"}
info: UserController {/user}: {"context":"RoutesResolver","timestamp":"2023-02-13T02:24:47.973Z"}
info: Mapped {/user/:id, GET} route {"context":"RouterExplorer","timestamp":"2023-02-13T02:24:47.975Z"}
info: Mapped {/user, GET} route {"context":"RouterExplorer","timestamp":"2023-02-13T02:24:47.976Z"}
info: Mapped {/user, POST} route {"context":"RouterExplorer","timestamp":"2023-02-13T02:24:47.976Z"}
info: Mapped {/user/:id, PATCH} route {"context":"RouterExplorer","timestamp":"2023-02-13T02:24:47.977Z"}
info: Mapped {/user/:id, DELETE} route {"context":"RouterExplorer","timestamp":"2023-02-13T02:24:47.977Z"}
info: Mapped {/user/range, GET} route {"context":"RouterExplorer","timestamp":"2023-02-13T02:24:47.978Z"}
info: Mapped {/user/profile, GET} route {"context":"RouterExplorer","timestamp":"2023-02-13T02:24:47.978Z"}
info: Mapped {/user/logs, GET} route {"context":"RouterExplorer","timestamp":"2023-02-13T02:24:47.978Z"}
info: Mapped {/user/logsbygroup, GET} route {"context":"RouterExplorer","timestamp":"2023-02-13T02:24:47.979Z"}
info: Nest application successfully started {"context":"NestApplication","timestamp":"2023-02-13T02:24:47.982Z"}
error: ER_NO_DEFAULT_FOR_FIELD: Field 'username' doesn't have a default value {"context":"ExceptionsHandler","stack":["QueryFailedError: ER_NO_DEFAULT_FOR_FIELD: Field 'username' doesn't have a default value\n    at Query.<anonymous> (/Users/kuro/Desktop/project/nestjs-study/src/driver/mysql/MysqlQueryRunner.ts:222:33)\n    at Query.<anonymous> (/Users/kuro/Desktop/project/nestjs-study/node_modules/mysql/lib/Connection.js:526:10)\n    at Query._callback (/Users/kuro/Desktop/project/nestjs-study/node_modules/mysql/lib/Connection.js:488:16)\n    at Query.Sequence.end (/Users/kuro/Desktop/project/nestjs-study/node_modules/mysql/lib/protocol/sequences/Sequence.js:83:24)\n    at Query.ErrorPacket (/Users/kuro/Desktop/project/nestjs-study/node_modules/mysql/lib/protocol/sequences/Query.js:92:8)\n    at Protocol._parsePacket (/Users/kuro/Desktop/project/nestjs-study/node_modules/mysql/lib/protocol/Protocol.js:291:23)\n    at Parser._parsePacket (/Users/kuro/Desktop/project/nestjs-study/node_modules/mysql/lib/protocol/Parser.js:433:10)\n    at Parser.write (/Users/kuro/Desktop/project/nestjs-study/node_modules/mysql/lib/protocol/Parser.js:43:10)\n    at Protocol.write (/Users/kuro/Desktop/project/nestjs-study/node_modules/mysql/lib/protocol/Protocol.js:38:16)\n    at Socket.<anonymous> (/Users/kuro/Desktop/project/nestjs-study/node_modules/mysql/lib/Connection.js:88:28)"],"timestamp":"2023-02-13T02:25:05.732Z"}
info: UserController init {"timestamp":"2023-02-13T02:26:24.262Z"}
info: UserController {/user}: {"context":"RoutesResolver","timestamp":"2023-02-13T02:26:24.267Z"}
info: Mapped {/user/:id, GET} route {"context":"RouterExplorer","timestamp":"2023-02-13T02:26:24.270Z"}
info: Mapped {/user, GET} route {"context":"RouterExplorer","timestamp":"2023-02-13T02:26:24.270Z"}
info: Mapped {/user, POST} route {"context":"RouterExplorer","timestamp":"2023-02-13T02:26:24.271Z"}
info: Mapped {/user/:id, PATCH} route {"context":"RouterExplorer","timestamp":"2023-02-13T02:26:24.272Z"}
info: Mapped {/user/:id, DELETE} route {"context":"RouterExplorer","timestamp":"2023-02-13T02:26:24.273Z"}
info: Mapped {/user/range, GET} route {"context":"RouterExplorer","timestamp":"2023-02-13T02:26:24.273Z"}
info: Mapped {/user/profile, GET} route {"context":"RouterExplorer","timestamp":"2023-02-13T02:26:24.274Z"}
info: Mapped {/user/logs, GET} route {"context":"RouterExplorer","timestamp":"2023-02-13T02:26:24.275Z"}
info: Mapped {/user/logsbygroup, GET} route {"context":"RouterExplorer","timestamp":"2023-02-13T02:26:24.277Z"}
info: Nest application successfully started {"context":"NestApplication","timestamp":"2023-02-13T02:26:24.279Z"}
info: UserController init {"timestamp":"2023-02-13T02:28:30.405Z"}
info: UserController {/user}: {"context":"RoutesResolver","timestamp":"2023-02-13T02:28:30.413Z"}
info: Mapped {/user/:id, GET} route {"context":"RouterExplorer","timestamp":"2023-02-13T02:28:30.417Z"}
info: Mapped {/user, GET} route {"context":"RouterExplorer","timestamp":"2023-02-13T02:28:30.418Z"}
info: Mapped {/user, POST} route {"context":"RouterExplorer","timestamp":"2023-02-13T02:28:30.420Z"}
info: Mapped {/user/profile, GET} route {"context":"RouterExplorer","timestamp":"2023-02-13T02:28:30.420Z"}
info: Mapped {/user/:id, PATCH} route {"context":"RouterExplorer","timestamp":"2023-02-13T02:28:30.421Z"}
info: Mapped {/user/:id, DELETE} route {"context":"RouterExplorer","timestamp":"2023-02-13T02:28:30.422Z"}
info: Mapped {/user/range, GET} route {"context":"RouterExplorer","timestamp":"2023-02-13T02:28:30.423Z"}
info: Mapped {/user/logs, GET} route {"context":"RouterExplorer","timestamp":"2023-02-13T02:28:30.424Z"}
info: Mapped {/user/logsbygroup, GET} route {"context":"RouterExplorer","timestamp":"2023-02-13T02:28:30.425Z"}
info: Nest application successfully started {"context":"NestApplication","timestamp":"2023-02-13T02:28:30.430Z"}
info: UserController init {"timestamp":"2023-02-13T02:28:52.168Z"}
info: UserController {/user}: {"context":"RoutesResolver","timestamp":"2023-02-13T02:28:52.188Z"}
info: Mapped {/user/:id, GET} route {"context":"RouterExplorer","timestamp":"2023-02-13T02:28:52.200Z"}
info: Mapped {/user, GET} route {"context":"RouterExplorer","timestamp":"2023-02-13T02:28:52.202Z"}
info: Mapped {/user, POST} route {"context":"RouterExplorer","timestamp":"2023-02-13T02:28:52.203Z"}
info: Mapped {/user/profile, GET} route {"context":"RouterExplorer","timestamp":"2023-02-13T02:28:52.204Z"}
info: Mapped {/user/:id, PATCH} route {"context":"RouterExplorer","timestamp":"2023-02-13T02:28:52.208Z"}
info: Mapped {/user/:id, DELETE} route {"context":"RouterExplorer","timestamp":"2023-02-13T02:28:52.210Z"}
info: Mapped {/user/range, GET} route {"context":"RouterExplorer","timestamp":"2023-02-13T02:28:52.210Z"}
info: Mapped {/user/logs, GET} route {"context":"RouterExplorer","timestamp":"2023-02-13T02:28:52.211Z"}
info: Mapped {/user/logsbygroup, GET} route {"context":"RouterExplorer","timestamp":"2023-02-13T02:28:52.212Z"}
info: Nest application successfully started {"context":"NestApplication","timestamp":"2023-02-13T02:28:52.217Z"}
info: UserController init {"timestamp":"2023-02-13T02:28:58.467Z"}
info: UserController {/user}: {"context":"RoutesResolver","timestamp":"2023-02-13T02:28:58.475Z"}
info: Mapped {/user, GET} route {"context":"RouterExplorer","timestamp":"2023-02-13T02:28:58.478Z"}
info: Mapped {/user, POST} route {"context":"RouterExplorer","timestamp":"2023-02-13T02:28:58.479Z"}
info: Mapped {/user/profile, GET} route {"context":"RouterExplorer","timestamp":"2023-02-13T02:28:58.480Z"}
info: Mapped {/user/:id, PATCH} route {"context":"RouterExplorer","timestamp":"2023-02-13T02:28:58.481Z"}
info: Mapped {/user/:id, DELETE} route {"context":"RouterExplorer","timestamp":"2023-02-13T02:28:58.481Z"}
info: Mapped {/user/range, GET} route {"context":"RouterExplorer","timestamp":"2023-02-13T02:28:58.482Z"}
info: Mapped {/user/logs, GET} route {"context":"RouterExplorer","timestamp":"2023-02-13T02:28:58.483Z"}
info: Mapped {/user/logsbygroup, GET} route {"context":"RouterExplorer","timestamp":"2023-02-13T02:28:58.484Z"}
info: Mapped {/user/:id, GET} route {"context":"RouterExplorer","timestamp":"2023-02-13T02:28:58.485Z"}
info: Nest application successfully started {"context":"NestApplication","timestamp":"2023-02-13T02:28:58.489Z"}
