info: UserController init {"timestamp":"2023-02-15T06:01:12.742Z"}
info: UserController {/user}: {"context":"RoutesResolver","timestamp":"2023-02-15T06:01:12.749Z"}
info: Mapped {/user, GET} route {"context":"RouterExplorer","timestamp":"2023-02-15T06:01:12.753Z"}
info: Mapped {/user, POST} route {"context":"RouterExplorer","timestamp":"2023-02-15T06:01:12.753Z"}
info: Mapped {/user/profile, GET} route {"context":"RouterExplorer","timestamp":"2023-02-15T06:01:12.754Z"}
info: Mapped {/user/:id, PATCH} route {"context":"RouterExplorer","timestamp":"2023-02-15T06:01:12.755Z"}
info: Mapped {/user/:id, DELETE} route {"context":"RouterExplorer","timestamp":"2023-02-15T06:01:12.756Z"}
info: Mapped {/user/range, GET} route {"context":"RouterExplorer","timestamp":"2023-02-15T06:01:12.757Z"}
info: Mapped {/user/logs, GET} route {"context":"RouterExplorer","timestamp":"2023-02-15T06:01:12.758Z"}
info: Mapped {/user/logsbygroup, GET} route {"context":"RouterExplorer","timestamp":"2023-02-15T06:01:12.758Z"}
info: Mapped {/user/:id, GET} route {"context":"RouterExplorer","timestamp":"2023-02-15T06:01:12.759Z"}
info: Nest application successfully started {"context":"NestApplication","timestamp":"2023-02-15T06:01:12.762Z"}
info: UserController init {"timestamp":"2023-02-15T06:10:04.333Z"}
info: UserController {/user}: {"context":"RoutesResolver","timestamp":"2023-02-15T06:10:04.345Z"}
info: Mapped {/user, GET} route {"context":"RouterExplorer","timestamp":"2023-02-15T06:10:04.350Z"}
info: Mapped {/user, POST} route {"context":"RouterExplorer","timestamp":"2023-02-15T06:10:04.351Z"}
info: Mapped {/user/profile, GET} route {"context":"RouterExplorer","timestamp":"2023-02-15T06:10:04.352Z"}
info: Mapped {/user/:id, PATCH} route {"context":"RouterExplorer","timestamp":"2023-02-15T06:10:04.353Z"}
info: Mapped {/user/:id, DELETE} route {"context":"RouterExplorer","timestamp":"2023-02-15T06:10:04.355Z"}
info: Mapped {/user/range, GET} route {"context":"RouterExplorer","timestamp":"2023-02-15T06:10:04.356Z"}
info: Mapped {/user/logs, GET} route {"context":"RouterExplorer","timestamp":"2023-02-15T06:10:04.356Z"}
info: Mapped {/user/logsbygroup, GET} route {"context":"RouterExplorer","timestamp":"2023-02-15T06:10:04.357Z"}
info: Mapped {/user/:id, GET} route {"context":"RouterExplorer","timestamp":"2023-02-15T06:10:04.359Z"}
info: Nest application successfully started {"context":"NestApplication","timestamp":"2023-02-15T06:10:04.363Z"}
info: UserController init {"timestamp":"2023-02-15T06:10:31.308Z"}
info: UserController {/user}: {"context":"RoutesResolver","timestamp":"2023-02-15T06:10:31.325Z"}
info: Mapped {/user, GET} route {"context":"RouterExplorer","timestamp":"2023-02-15T06:10:31.352Z"}
info: Mapped {/user, POST} route {"context":"RouterExplorer","timestamp":"2023-02-15T06:10:31.353Z"}
info: Mapped {/user/profile, GET} route {"context":"RouterExplorer","timestamp":"2023-02-15T06:10:31.354Z"}
info: Mapped {/user/:id, PATCH} route {"context":"RouterExplorer","timestamp":"2023-02-15T06:10:31.358Z"}
info: Mapped {/user/:id, DELETE} route {"context":"RouterExplorer","timestamp":"2023-02-15T06:10:31.359Z"}
info: Mapped {/user/range, GET} route {"context":"RouterExplorer","timestamp":"2023-02-15T06:10:31.361Z"}
info: Mapped {/user/logs, GET} route {"context":"RouterExplorer","timestamp":"2023-02-15T06:10:31.362Z"}
info: Mapped {/user/logsbygroup, GET} route {"context":"RouterExplorer","timestamp":"2023-02-15T06:10:31.363Z"}
info: Mapped {/user/:id, GET} route {"context":"RouterExplorer","timestamp":"2023-02-15T06:10:31.365Z"}
info: Nest application successfully started {"context":"NestApplication","timestamp":"2023-02-15T06:10:31.369Z"}
info: UserController init {"timestamp":"2023-02-15T06:28:37.477Z"}
info: UserController {/user}: {"context":"RoutesResolver","timestamp":"2023-02-15T06:28:37.484Z"}
info: Mapped {/user, GET} route {"context":"RouterExplorer","timestamp":"2023-02-15T06:28:37.487Z"}
info: Mapped {/user, POST} route {"context":"RouterExplorer","timestamp":"2023-02-15T06:28:37.487Z"}
info: Mapped {/user/profile, GET} route {"context":"RouterExplorer","timestamp":"2023-02-15T06:28:37.488Z"}
info: Mapped {/user/:id, PATCH} route {"context":"RouterExplorer","timestamp":"2023-02-15T06:28:37.488Z"}
info: Mapped {/user/:id, DELETE} route {"context":"RouterExplorer","timestamp":"2023-02-15T06:28:37.489Z"}
info: Mapped {/user/range, GET} route {"context":"RouterExplorer","timestamp":"2023-02-15T06:28:37.489Z"}
info: Mapped {/user/logs, GET} route {"context":"RouterExplorer","timestamp":"2023-02-15T06:28:37.490Z"}
info: Mapped {/user/logsbygroup, GET} route {"context":"RouterExplorer","timestamp":"2023-02-15T06:28:37.490Z"}
info: Mapped {/user/:id, GET} route {"context":"RouterExplorer","timestamp":"2023-02-15T06:28:37.491Z"}
info: Nest application successfully started {"context":"NestApplication","timestamp":"2023-02-15T06:28:37.494Z"}
info: UserController init {"timestamp":"2023-02-15T06:29:15.040Z"}
info: UserController {/user}: {"context":"RoutesResolver","timestamp":"2023-02-15T06:29:15.047Z"}
info: Mapped {/user, GET} route {"context":"RouterExplorer","timestamp":"2023-02-15T06:29:15.049Z"}
info: Mapped {/user, POST} route {"context":"RouterExplorer","timestamp":"2023-02-15T06:29:15.050Z"}
info: Mapped {/user/profile, GET} route {"context":"RouterExplorer","timestamp":"2023-02-15T06:29:15.051Z"}
info: Mapped {/user/:id, PATCH} route {"context":"RouterExplorer","timestamp":"2023-02-15T06:29:15.051Z"}
info: Mapped {/user/:id, DELETE} route {"context":"RouterExplorer","timestamp":"2023-02-15T06:29:15.052Z"}
info: Mapped {/user/range, GET} route {"context":"RouterExplorer","timestamp":"2023-02-15T06:29:15.052Z"}
info: Mapped {/user/logs, GET} route {"context":"RouterExplorer","timestamp":"2023-02-15T06:29:15.053Z"}
info: Mapped {/user/logsbygroup, GET} route {"context":"RouterExplorer","timestamp":"2023-02-15T06:29:15.054Z"}
info: Mapped {/user/:id, GET} route {"context":"RouterExplorer","timestamp":"2023-02-15T06:29:15.055Z"}
info: Nest application successfully started {"context":"NestApplication","timestamp":"2023-02-15T06:29:15.059Z"}
info: UserController init {"timestamp":"2023-02-15T06:30:26.000Z"}
info: UserController {/user}: {"context":"RoutesResolver","timestamp":"2023-02-15T06:30:26.007Z"}
info: Mapped {/user, GET} route {"context":"RouterExplorer","timestamp":"2023-02-15T06:30:26.009Z"}
info: Mapped {/user, POST} route {"context":"RouterExplorer","timestamp":"2023-02-15T06:30:26.010Z"}
info: Mapped {/user/profile, GET} route {"context":"RouterExplorer","timestamp":"2023-02-15T06:30:26.010Z"}
info: Mapped {/user/:id, PATCH} route {"context":"RouterExplorer","timestamp":"2023-02-15T06:30:26.011Z"}
info: Mapped {/user/:id, DELETE} route {"context":"RouterExplorer","timestamp":"2023-02-15T06:30:26.011Z"}
info: Mapped {/user/range, GET} route {"context":"RouterExplorer","timestamp":"2023-02-15T06:30:26.012Z"}
info: Mapped {/user/logs, GET} route {"context":"RouterExplorer","timestamp":"2023-02-15T06:30:26.012Z"}
info: Mapped {/user/logsbygroup, GET} route {"context":"RouterExplorer","timestamp":"2023-02-15T06:30:26.013Z"}
info: Mapped {/user/:id, GET} route {"context":"RouterExplorer","timestamp":"2023-02-15T06:30:26.014Z"}
info: Nest application successfully started {"context":"NestApplication","timestamp":"2023-02-15T06:30:26.017Z"}
info: UserController init {"timestamp":"2023-02-15T06:30:30.082Z"}
info: UserController {/user}: {"context":"RoutesResolver","timestamp":"2023-02-15T06:30:30.092Z"}
info: Mapped {/user, GET} route {"context":"RouterExplorer","timestamp":"2023-02-15T06:30:30.095Z"}
info: Mapped {/user, POST} route {"context":"RouterExplorer","timestamp":"2023-02-15T06:30:30.096Z"}
info: Mapped {/user/profile, GET} route {"context":"RouterExplorer","timestamp":"2023-02-15T06:30:30.096Z"}
info: Mapped {/user/:id, PATCH} route {"context":"RouterExplorer","timestamp":"2023-02-15T06:30:30.097Z"}
info: Mapped {/user/:id, DELETE} route {"context":"RouterExplorer","timestamp":"2023-02-15T06:30:30.098Z"}
info: Mapped {/user/range, GET} route {"context":"RouterExplorer","timestamp":"2023-02-15T06:30:30.099Z"}
info: Mapped {/user/logs, GET} route {"context":"RouterExplorer","timestamp":"2023-02-15T06:30:30.099Z"}
info: Mapped {/user/logsbygroup, GET} route {"context":"RouterExplorer","timestamp":"2023-02-15T06:30:30.100Z"}
info: Mapped {/user/:id, GET} route {"context":"RouterExplorer","timestamp":"2023-02-15T06:30:30.102Z"}
info: Nest application successfully started {"context":"NestApplication","timestamp":"2023-02-15T06:30:30.106Z"}
info: UserController init {"timestamp":"2023-02-15T06:31:05.611Z"}
info: UserController {/user}: {"context":"RoutesResolver","timestamp":"2023-02-15T06:31:05.622Z"}
info: Mapped {/user, GET} route {"context":"RouterExplorer","timestamp":"2023-02-15T06:31:05.626Z"}
info: Mapped {/user, POST} route {"context":"RouterExplorer","timestamp":"2023-02-15T06:31:05.629Z"}
info: Mapped {/user/profile, GET} route {"context":"RouterExplorer","timestamp":"2023-02-15T06:31:05.631Z"}
info: Mapped {/user/:id, PATCH} route {"context":"RouterExplorer","timestamp":"2023-02-15T06:31:05.635Z"}
info: Mapped {/user/:id, DELETE} route {"context":"RouterExplorer","timestamp":"2023-02-15T06:31:05.640Z"}
info: Mapped {/user/range, GET} route {"context":"RouterExplorer","timestamp":"2023-02-15T06:31:05.643Z"}
info: Mapped {/user/logs, GET} route {"context":"RouterExplorer","timestamp":"2023-02-15T06:31:05.646Z"}
info: Mapped {/user/logsbygroup, GET} route {"context":"RouterExplorer","timestamp":"2023-02-15T06:31:05.649Z"}
info: Mapped {/user/:id, GET} route {"context":"RouterExplorer","timestamp":"2023-02-15T06:31:05.650Z"}
info: Nest application successfully started {"context":"NestApplication","timestamp":"2023-02-15T06:31:05.658Z"}
info: UserController init {"timestamp":"2023-02-15T06:31:17.130Z"}
info: UserController {/user}: {"context":"RoutesResolver","timestamp":"2023-02-15T06:31:17.139Z"}
info: Mapped {/user, GET} route {"context":"RouterExplorer","timestamp":"2023-02-15T06:31:17.142Z"}
info: Mapped {/user, POST} route {"context":"RouterExplorer","timestamp":"2023-02-15T06:31:17.143Z"}
info: Mapped {/user/profile, GET} route {"context":"RouterExplorer","timestamp":"2023-02-15T06:31:17.143Z"}
info: Mapped {/user/:id, PATCH} route {"context":"RouterExplorer","timestamp":"2023-02-15T06:31:17.144Z"}
info: Mapped {/user/:id, DELETE} route {"context":"RouterExplorer","timestamp":"2023-02-15T06:31:17.145Z"}
info: Mapped {/user/range, GET} route {"context":"RouterExplorer","timestamp":"2023-02-15T06:31:17.145Z"}
info: Mapped {/user/logs, GET} route {"context":"RouterExplorer","timestamp":"2023-02-15T06:31:17.146Z"}
info: Mapped {/user/logsbygroup, GET} route {"context":"RouterExplorer","timestamp":"2023-02-15T06:31:17.146Z"}
info: Mapped {/user/:id, GET} route {"context":"RouterExplorer","timestamp":"2023-02-15T06:31:17.147Z"}
info: Nest application successfully started {"context":"NestApplication","timestamp":"2023-02-15T06:31:17.150Z"}
info: UserController init {"timestamp":"2023-02-15T06:38:17.653Z"}
info: UserController {/user}: {"context":"RoutesResolver","timestamp":"2023-02-15T06:38:17.665Z"}
info: Mapped {/user, GET} route {"context":"RouterExplorer","timestamp":"2023-02-15T06:38:17.668Z"}
info: Mapped {/user, POST} route {"context":"RouterExplorer","timestamp":"2023-02-15T06:38:17.668Z"}
info: Mapped {/user/profile, GET} route {"context":"RouterExplorer","timestamp":"2023-02-15T06:38:17.669Z"}
info: Mapped {/user/:id, PATCH} route {"context":"RouterExplorer","timestamp":"2023-02-15T06:38:17.669Z"}
info: Mapped {/user/:id, DELETE} route {"context":"RouterExplorer","timestamp":"2023-02-15T06:38:17.670Z"}
info: Mapped {/user/range, GET} route {"context":"RouterExplorer","timestamp":"2023-02-15T06:38:17.670Z"}
info: Mapped {/user/logs, GET} route {"context":"RouterExplorer","timestamp":"2023-02-15T06:38:17.671Z"}
info: Mapped {/user/logsbygroup, GET} route {"context":"RouterExplorer","timestamp":"2023-02-15T06:38:17.671Z"}
info: Mapped {/user/:id, GET} route {"context":"RouterExplorer","timestamp":"2023-02-15T06:38:17.672Z"}
info: Nest application successfully started {"context":"NestApplication","timestamp":"2023-02-15T06:38:17.676Z"}
info: UserController init {"timestamp":"2023-02-15T06:40:31.254Z"}
info: UserController {/user}: {"context":"RoutesResolver","timestamp":"2023-02-15T06:40:31.270Z"}
info: Mapped {/user, GET} route {"context":"RouterExplorer","timestamp":"2023-02-15T06:40:31.276Z"}
info: Mapped {/user, POST} route {"context":"RouterExplorer","timestamp":"2023-02-15T06:40:31.277Z"}
info: Mapped {/user/profile, GET} route {"context":"RouterExplorer","timestamp":"2023-02-15T06:40:31.279Z"}
info: Mapped {/user/:id, PATCH} route {"context":"RouterExplorer","timestamp":"2023-02-15T06:40:31.280Z"}
info: Mapped {/user/:id, DELETE} route {"context":"RouterExplorer","timestamp":"2023-02-15T06:40:31.282Z"}
info: Mapped {/user/range, GET} route {"context":"RouterExplorer","timestamp":"2023-02-15T06:40:31.282Z"}
info: Mapped {/user/logs, GET} route {"context":"RouterExplorer","timestamp":"2023-02-15T06:40:31.283Z"}
info: Mapped {/user/logsbygroup, GET} route {"context":"RouterExplorer","timestamp":"2023-02-15T06:40:31.284Z"}
info: Mapped {/user/:id, GET} route {"context":"RouterExplorer","timestamp":"2023-02-15T06:40:31.286Z"}
info: Nest application successfully started {"context":"NestApplication","timestamp":"2023-02-15T06:40:31.294Z"}
info: UserController init {"timestamp":"2023-02-15T06:41:19.369Z"}
info: UserController {/user}: {"context":"RoutesResolver","timestamp":"2023-02-15T06:41:19.374Z"}
info: Mapped {/user, GET} route {"context":"RouterExplorer","timestamp":"2023-02-15T06:41:19.377Z"}
info: Mapped {/user, POST} route {"context":"RouterExplorer","timestamp":"2023-02-15T06:41:19.378Z"}
info: Mapped {/user/profile, GET} route {"context":"RouterExplorer","timestamp":"2023-02-15T06:41:19.378Z"}
info: Mapped {/user/:id, PATCH} route {"context":"RouterExplorer","timestamp":"2023-02-15T06:41:19.379Z"}
info: Mapped {/user/:id, DELETE} route {"context":"RouterExplorer","timestamp":"2023-02-15T06:41:19.380Z"}
info: Mapped {/user/range, GET} route {"context":"RouterExplorer","timestamp":"2023-02-15T06:41:19.380Z"}
info: Mapped {/user/logs, GET} route {"context":"RouterExplorer","timestamp":"2023-02-15T06:41:19.381Z"}
info: Mapped {/user/logsbygroup, GET} route {"context":"RouterExplorer","timestamp":"2023-02-15T06:41:19.381Z"}
info: Mapped {/user/:id, GET} route {"context":"RouterExplorer","timestamp":"2023-02-15T06:41:19.382Z"}
info: Nest application successfully started {"context":"NestApplication","timestamp":"2023-02-15T06:41:19.384Z"}
info: UserController init {"timestamp":"2023-02-15T06:41:31.812Z"}
info: UserController {/user}: {"context":"RoutesResolver","timestamp":"2023-02-15T06:41:31.817Z"}
info: Mapped {/user, GET} route {"context":"RouterExplorer","timestamp":"2023-02-15T06:41:31.820Z"}
info: Mapped {/user, POST} route {"context":"RouterExplorer","timestamp":"2023-02-15T06:41:31.820Z"}
info: Mapped {/user/profile, GET} route {"context":"RouterExplorer","timestamp":"2023-02-15T06:41:31.821Z"}
info: Mapped {/user/:id, PATCH} route {"context":"RouterExplorer","timestamp":"2023-02-15T06:41:31.822Z"}
info: Mapped {/user/:id, DELETE} route {"context":"RouterExplorer","timestamp":"2023-02-15T06:41:31.823Z"}
info: Mapped {/user/range, GET} route {"context":"RouterExplorer","timestamp":"2023-02-15T06:41:31.823Z"}
info: Mapped {/user/logs, GET} route {"context":"RouterExplorer","timestamp":"2023-02-15T06:41:31.824Z"}
info: Mapped {/user/logsbygroup, GET} route {"context":"RouterExplorer","timestamp":"2023-02-15T06:41:31.824Z"}
info: Mapped {/user/:id, GET} route {"context":"RouterExplorer","timestamp":"2023-02-15T06:41:31.825Z"}
info: Nest application successfully started {"context":"NestApplication","timestamp":"2023-02-15T06:41:31.828Z"}
info: UserController init {"timestamp":"2023-02-15T06:44:25.478Z"}
info: UserController {/user}: {"context":"RoutesResolver","timestamp":"2023-02-15T06:44:25.485Z"}
info: Mapped {/user, GET} route {"context":"RouterExplorer","timestamp":"2023-02-15T06:44:25.489Z"}
info: Mapped {/user, POST} route {"context":"RouterExplorer","timestamp":"2023-02-15T06:44:25.490Z"}
info: Mapped {/user/profile, GET} route {"context":"RouterExplorer","timestamp":"2023-02-15T06:44:25.490Z"}
info: Mapped {/user/:id, PATCH} route {"context":"RouterExplorer","timestamp":"2023-02-15T06:44:25.491Z"}
info: Mapped {/user/:id, DELETE} route {"context":"RouterExplorer","timestamp":"2023-02-15T06:44:25.492Z"}
info: Mapped {/user/range, GET} route {"context":"RouterExplorer","timestamp":"2023-02-15T06:44:25.492Z"}
info: Mapped {/user/logs, GET} route {"context":"RouterExplorer","timestamp":"2023-02-15T06:44:25.493Z"}
info: Mapped {/user/logsbygroup, GET} route {"context":"RouterExplorer","timestamp":"2023-02-15T06:44:25.494Z"}
info: Mapped {/user/:id, GET} route {"context":"RouterExplorer","timestamp":"2023-02-15T06:44:25.496Z"}
info: Nest application successfully started {"context":"NestApplication","timestamp":"2023-02-15T06:44:25.499Z"}
info: UserController init {"timestamp":"2023-02-15T06:45:43.602Z"}
info: UserController {/user}: {"context":"RoutesResolver","timestamp":"2023-02-15T06:45:43.608Z"}
info: Mapped {/user, GET} route {"context":"RouterExplorer","timestamp":"2023-02-15T06:45:43.611Z"}
info: Mapped {/user, POST} route {"context":"RouterExplorer","timestamp":"2023-02-15T06:45:43.611Z"}
info: Mapped {/user/profile, GET} route {"context":"RouterExplorer","timestamp":"2023-02-15T06:45:43.612Z"}
info: Mapped {/user/:id, PATCH} route {"context":"RouterExplorer","timestamp":"2023-02-15T06:45:43.613Z"}
info: Mapped {/user/:id, DELETE} route {"context":"RouterExplorer","timestamp":"2023-02-15T06:45:43.613Z"}
info: Mapped {/user/range, GET} route {"context":"RouterExplorer","timestamp":"2023-02-15T06:45:43.614Z"}
info: Mapped {/user/logs, GET} route {"context":"RouterExplorer","timestamp":"2023-02-15T06:45:43.614Z"}
info: Mapped {/user/logsbygroup, GET} route {"context":"RouterExplorer","timestamp":"2023-02-15T06:45:43.615Z"}
info: Mapped {/user/:id, GET} route {"context":"RouterExplorer","timestamp":"2023-02-15T06:45:43.616Z"}
info: Nest application successfully started {"context":"NestApplication","timestamp":"2023-02-15T06:45:43.619Z"}
info: UserController init {"timestamp":"2023-02-15T06:56:56.641Z"}
info: UserController {/user}: {"context":"RoutesResolver","timestamp":"2023-02-15T06:56:56.649Z"}
info: Mapped {/user, GET} route {"context":"RouterExplorer","timestamp":"2023-02-15T06:56:56.653Z"}
info: Mapped {/user, POST} route {"context":"RouterExplorer","timestamp":"2023-02-15T06:56:56.655Z"}
info: Mapped {/user/profile, GET} route {"context":"RouterExplorer","timestamp":"2023-02-15T06:56:56.656Z"}
info: Mapped {/user/:id, PATCH} route {"context":"RouterExplorer","timestamp":"2023-02-15T06:56:56.657Z"}
info: Mapped {/user/:id, DELETE} route {"context":"RouterExplorer","timestamp":"2023-02-15T06:56:56.658Z"}
info: Mapped {/user/range, GET} route {"context":"RouterExplorer","timestamp":"2023-02-15T06:56:56.658Z"}
info: Mapped {/user/logs, GET} route {"context":"RouterExplorer","timestamp":"2023-02-15T06:56:56.660Z"}
info: Mapped {/user/logsbygroup, GET} route {"context":"RouterExplorer","timestamp":"2023-02-15T06:56:56.661Z"}
info: Mapped {/user/:id, GET} route {"context":"RouterExplorer","timestamp":"2023-02-15T06:56:56.663Z"}
info: Nest application successfully started {"context":"NestApplication","timestamp":"2023-02-15T06:56:56.667Z"}
info: UserController init {"timestamp":"2023-02-15T06:57:41.179Z"}
info: UserController {/user}: {"context":"RoutesResolver","timestamp":"2023-02-15T06:57:41.188Z"}
info: Mapped {/user, GET} route {"context":"RouterExplorer","timestamp":"2023-02-15T06:57:41.192Z"}
info: Mapped {/user, POST} route {"context":"RouterExplorer","timestamp":"2023-02-15T06:57:41.193Z"}
info: Mapped {/user/profile, GET} route {"context":"RouterExplorer","timestamp":"2023-02-15T06:57:41.194Z"}
info: Mapped {/user/:id, PATCH} route {"context":"RouterExplorer","timestamp":"2023-02-15T06:57:41.194Z"}
info: Mapped {/user/:id, DELETE} route {"context":"RouterExplorer","timestamp":"2023-02-15T06:57:41.195Z"}
info: Mapped {/user/range, GET} route {"context":"RouterExplorer","timestamp":"2023-02-15T06:57:41.195Z"}
info: Mapped {/user/logs, GET} route {"context":"RouterExplorer","timestamp":"2023-02-15T06:57:41.196Z"}
info: Mapped {/user/logsbygroup, GET} route {"context":"RouterExplorer","timestamp":"2023-02-15T06:57:41.197Z"}
info: Mapped {/user/:id, GET} route {"context":"RouterExplorer","timestamp":"2023-02-15T06:57:41.198Z"}
info: Nest application successfully started {"context":"NestApplication","timestamp":"2023-02-15T06:57:41.203Z"}
info: UserController init {"timestamp":"2023-02-15T06:57:42.902Z"}
info: UserController {/user}: {"context":"RoutesResolver","timestamp":"2023-02-15T06:57:42.913Z"}
info: Mapped {/user, GET} route {"context":"RouterExplorer","timestamp":"2023-02-15T06:57:42.915Z"}
info: Mapped {/user, POST} route {"context":"RouterExplorer","timestamp":"2023-02-15T06:57:42.920Z"}
info: Mapped {/user/profile, GET} route {"context":"RouterExplorer","timestamp":"2023-02-15T06:57:42.922Z"}
info: Mapped {/user/:id, PATCH} route {"context":"RouterExplorer","timestamp":"2023-02-15T06:57:42.923Z"}
info: Mapped {/user/:id, DELETE} route {"context":"RouterExplorer","timestamp":"2023-02-15T06:57:42.924Z"}
info: Mapped {/user/range, GET} route {"context":"RouterExplorer","timestamp":"2023-02-15T06:57:42.926Z"}
info: Mapped {/user/logs, GET} route {"context":"RouterExplorer","timestamp":"2023-02-15T06:57:42.928Z"}
info: Mapped {/user/logsbygroup, GET} route {"context":"RouterExplorer","timestamp":"2023-02-15T06:57:42.930Z"}
info: Mapped {/user/:id, GET} route {"context":"RouterExplorer","timestamp":"2023-02-15T06:57:42.931Z"}
info: Nest application successfully started {"context":"NestApplication","timestamp":"2023-02-15T06:57:42.935Z"}
info: UserController init {"timestamp":"2023-02-15T06:57:56.659Z"}
info: UserController {/user}: {"context":"RoutesResolver","timestamp":"2023-02-15T06:57:56.666Z"}
info: Mapped {/user, GET} route {"context":"RouterExplorer","timestamp":"2023-02-15T06:57:56.669Z"}
info: Mapped {/user, POST} route {"context":"RouterExplorer","timestamp":"2023-02-15T06:57:56.670Z"}
info: Mapped {/user/profile, GET} route {"context":"RouterExplorer","timestamp":"2023-02-15T06:57:56.670Z"}
info: Mapped {/user/:id, PATCH} route {"context":"RouterExplorer","timestamp":"2023-02-15T06:57:56.673Z"}
info: Mapped {/user/:id, DELETE} route {"context":"RouterExplorer","timestamp":"2023-02-15T06:57:56.675Z"}
info: Mapped {/user/range, GET} route {"context":"RouterExplorer","timestamp":"2023-02-15T06:57:56.675Z"}
info: Mapped {/user/logs, GET} route {"context":"RouterExplorer","timestamp":"2023-02-15T06:57:56.676Z"}
info: Mapped {/user/logsbygroup, GET} route {"context":"RouterExplorer","timestamp":"2023-02-15T06:57:56.676Z"}
info: Mapped {/user/:id, GET} route {"context":"RouterExplorer","timestamp":"2023-02-15T06:57:56.677Z"}
info: Nest application successfully started {"context":"NestApplication","timestamp":"2023-02-15T06:57:56.680Z"}
info: UserController init {"timestamp":"2023-02-15T06:59:17.754Z"}
info: UserController {/user}: {"context":"RoutesResolver","timestamp":"2023-02-15T06:59:17.763Z"}
info: Mapped {/user, GET} route {"context":"RouterExplorer","timestamp":"2023-02-15T06:59:17.766Z"}
info: Mapped {/user, POST} route {"context":"RouterExplorer","timestamp":"2023-02-15T06:59:17.767Z"}
info: Mapped {/user/profile, GET} route {"context":"RouterExplorer","timestamp":"2023-02-15T06:59:17.767Z"}
info: Mapped {/user/:id, PATCH} route {"context":"RouterExplorer","timestamp":"2023-02-15T06:59:17.768Z"}
info: Mapped {/user/:id, DELETE} route {"context":"RouterExplorer","timestamp":"2023-02-15T06:59:17.769Z"}
info: Mapped {/user/range, GET} route {"context":"RouterExplorer","timestamp":"2023-02-15T06:59:17.770Z"}
info: Mapped {/user/logs, GET} route {"context":"RouterExplorer","timestamp":"2023-02-15T06:59:17.770Z"}
info: Mapped {/user/logsbygroup, GET} route {"context":"RouterExplorer","timestamp":"2023-02-15T06:59:17.771Z"}
info: Mapped {/user/:id, GET} route {"context":"RouterExplorer","timestamp":"2023-02-15T06:59:17.772Z"}
info: Nest application successfully started {"context":"NestApplication","timestamp":"2023-02-15T06:59:17.778Z"}
